"11,000,000"	20
"14,732,130|\u2588\u2588\u2588\u2588\u2588\u2588\u2588\u2588\u2588"	20
"172.0"	20
"180"	40
"185,158"	20
"24,583"	20
"26"	140
"334,613"	20
"42,522"	20
"57"	300
"6.35"	20
"6th"	80
"90,812|150,490"	20
"abnormal"	20
"abroad"	20
"adapt"	40
"admirably"	20
"advantage"	360
"alter"	60
"alternately"	20
"aspect"	40
"assumed"	60
"away"	140
"baker"	20
"bargaining"	20
"batavia"	140
"becoming"	40
"billquist"	80
"bottle-neck"	20
"break"	20
"bridging"	20
"builder"	20
"buildings"	1340
"busiest"	20
"causes"	20
"center"	1020
"charters"	20
"chokes"	20
"city's"	160
"city--the"	20
"claims"	20
"clayey"	20
"colwell"	20
"commonwealth"	20
"comprehensive"	320
"control"	300
"converge"	20
"corresponding"	100
"corrupt"	20
"crafton"	140
"creek._--south"	20
"delivered"	60
"destroyed"	20
"detail"	100
"development"	740
"distances"	120
"district.[11"	20
"ebb"	20
"exceed"	100
"expend"	40
"extravagance"	20
"fallacy"	20
"far-sighted"	20
"from"	7440
"goals"	20
"gradients"	1080
"gradual"	140
"hands"	60
"hawkins"	60
"height"	620
"helpful"	20
"hillsides"	300
"however"	380
"importance"	740
"knowles"	20
"l"	40
"lane._--from"	20
"large"	1220
"license"	300
"lines"	740
"living"	160
"lyons"	100
"metropolitan"	40
"mitigation"	20
"nearer"	40
"neglect"	40
"numbers"	60
"oak"	40
"objects"	100
"offer"	140
"parkway--a"	20
"permit"	140
"pier"	400
"planting"	40
"preclude"	40
"predecessors"	20
"preface"	60
"pride"	60
"principally"	20
"prints"	40
"producers"	20
"purchase"	100
"rebuilt"	220
"records"	180
"reductions"	20
"regarded"	80
"region--the"	20
"remarkable"	20
"requires"	120
"river-born"	20
"safety"	60
"self-respecting"	20
"sells"	20
"separated"	60
"served"	220
"somewhat"	300
"sooner"	40
"sought"	20
"spite"	60
"stock"	20
"stratford"	20
"strikingly"	20
"swamp"	20
"therefore"	440
"thoroughfare"	4080
"triangle"	20
"trunk-line"	20
"turns"	40
"uneconomical"	60
"unfitness"	20
"universal"	20
"unreasonably"	20
"unseen"	20
"urban"	140
"verification"	20
"whom"	80
"within"	500
"wolf"	20
"106-108"	20
"23"	220
"27,098,291|\u2588\u2588\u2588\u2588\u2588\u2588\u2588\u2588\u2588\u2588\u2588\u2588\u2588\u2588\u2588\u2588\u2588\u2588\u2588\u2588\u2588\u2588\u2588\u2588\u2588\u2588\u2588\u2588\u2588\u2588\u2588\u2588\u2588\u2588\u2588\u2588"	20
"28\u00b4"	20
"29,212"	20
"320"	40
"32\u00b4"	20
"37\u00b4"	60
"4.75"	40
"54"	140
"6\u00bd"	40
"85"	180
"accompanied"	40
"accomplishment"	40
"actual"	200
"apportionment"	20
"avone"	20
"bark"	20
"bend"	120
"between"	2040
"broke"	20
"carriages"	60
"carson"	380
"cathedral"	20
"cheapest"	20
"city--details"	20
"conservation"	40
"consist"	60
"contrast"	80
"councils"	40
"crossings._--in"	20
"declared"	20
"development.[17"	20
"diagrams"	120
"element"	140
"enough"	480
"facilitate"	20
"false"	20
"families"	40
"fords"	20
"furnish"	180
"future"	600
"ghost"	20
"happy"	20
"herewith"	100
"i"	260
"ideas"	20
"immediate"	180
"immediately"	120
"inadequate"	60
"inundation"	20
"landscape--the"	20
"larger"	240
"lebanon"	20
"localities"	60
"lowest"	40
"made"	1580
"marcus"	20
"mean"	80
"mention"	20
"met"	140
"middle-aged"	20
"monongahela--second"	20
"moreover"	60
"mostly"	120
"necessarily"	40
"neighbors"	40
"neville"	20
"nor"	60
"nose"	120
"notwithstanding"	20
"november"	40
"officially"	20
"one-half"	40
"outdated"	20
"pamphlet"	20
"pennwood"	60
"people,--the"	20
"periodically"	20
"permission"	140
"perrott"	20
"pg"	20
"products"	20
"reconstruct"	40
"redistribution"	60
"right-of-way"	60
"roads"	260
"routes"	240
"royalty"	60
"samuel"	20
"satisfy"	20
"scholastic"	20
"something"	40
"street._--with"	20
"summarized"	60
"ten"	120
"throat"	60
"timid"	20
"traction"	140
"traffic._--the"	40
"translation"	20
"trenton"	20
"uncomfortably"	20
"unfavorably"	20
"unlikely"	40
"unnecessarily"	20
"utterly"	40
"varies"	40
"volumes"	20
"water's"	20
"william"	20
"wood"	40
"138"	40
"145-151"	20
"18,700"	20
"18.3"	20
"2.22"	20
"20"	180
"3\u00bd"	140
"4.6"	20
"51"	80
"556,154"	20
"7"	540
"789"	20
"801"	20
"82"	160
"8\u00bd"	20
"9,366,973,935"	20
"addresses"	20
"adopted"	300
"affected._--_(a"	20
"aid"	20
"altered"	20
"amounts"	80
"barges"	300
"beechview"	180
"begins"	60
"boggstown"	20
"border"	20
"characteristics"	40
"chas"	20
"checks"	20
"classes"	60
"compact"	20
"competition"	60
"computers"	60
"concert"	20
"connection._--from"	20
"considerably"	200
"consisting"	20
"contribution"	20
"cooperate"	20
"crowded"	20
"custom"	20
"cut,--its"	20
"dance-halls"	20
"decreased"	40
"deplorable"	40
"der"	20
"disk"	20
"drawing"	20
"earnestly"	20
"efficiency"	80
"ein"	20
"electronic"	540
"estimates"	40
"exempt"	40
"eyesore"	20
"f"	120
"facility"	40
"facts"	120
"few"	300
"forms"	160
"furnishing"	20
"gardens"	60
"gradient"	1820
"harrisburg"	20
"hobnobbing"	20
"home"	20
"hub"	40
"illustrations"	80
"important,--the"	20
"impossible"	160
"keen"	20
"land[20"	20
"landing"	40
"landscape"	160
"lead"	140
"light"	260
"list"	40
"louis"	20
"manner"	180
"masonry"	40
"measurements"	20
"narrowing"	20
"near"	240
"omission"	20
"outlet"	260
"outside"	240
"panther"	120
"parties"	20
"performances"	20
"physical"	280
"placing"	20
"practicable"	120
"prospective"	20
"rebuilt.[12"	20
"recognition"	20
"remarks"	20
"reports"	120
"respect"	100
"romeo"	20
"room"	500
"short"	300
"slower"	20
"steel"	80
"suggestive"	60
"superstructures"	20
"team"	140
"temporarily"	20
"territory"	180
"then"	440
"thereto"	20
"thoroughfare--the"	20
"town"	860
"transported"	20
"twenty-eighth"	140
"unconstitutional"	20
"unfair"	20
"unkempt"	20
"unobstructed"	20
"unrivaled"	20
"until"	200
"valley.[31"	20
"valued"	60
"vehicles|trucks|trucks"	40
"vessels"	380
"viewed"	20
"volume"	160
"wall"	280
"wasting"	20
"way"	840
"welcome"	20
"won"	20
"1,460"	20
"104"	20
"149,862,600"	20
"160,395"	40
"197"	20
"2,022"	20
"26,523"	60
"30,889"	20
"31-34"	20
"4"	680
"501(c)(3"	20
"80,000"	20
"accompanying"	160
"accumulating"	20
"adding"	20
"adjacent"	420
"advance"	80
"again"	260
"analysis"	60
"ascii"	40
"august"	20
"bare"	20
"boulevards"	20
"brunner"	20
"c"	220
"capital"	40
"cause"	40
"champlain"	20
"chance"	40
"civilized"	20
"claim"	20
"constantly"	100
"courts"	20
"crossings"	300
"dates"	40
"dedicated"	20
"define"	20
"district.[28"	20
"dooryard"	20
"dumping"	20
"edward"	20
"efficient"	120
"equally"	60
"expectable"	20
"feet.[6"	20
"files"	40
"foot"	180
"globe"	20
"gulleys"	40
"hanover"	20
"happened"	20
"heavier"	80
"household"	40
"increases"	60
"indirectness"	20
"induced"	20
"inducements"	20
"infringement"	20
"injured"	20
"inland"	40
"intimately"	20
"introduced"	40
"inward"	20
"laborious"	20
"lawn"	40
"lengths"	20
"lie"	60
"lock"	80
"march"	80
"men"	20
"moderate"	140
"non-tidal"	80
"obviate"	20
"offices"	60
"opinion"	40
"ordinance"	20
"other"	2740
"park._--just"	20
"parkway._--the"	20
"pavements"	60
"plain"	40
"portrays"	20
"positively"	20
"primarily"	20
"primary"	60
"prosaic"	20
"provision"	240
"published"	120
"record"	180
"redistribute"	20
"references"	40
"refuge"	40
"residential"	200
"sacrificing"	20
"sassafras"	100
"securely"	20
"selecting"	40
"shifting"	40
"show"	140
"sixth"	960
"sketches"	20
"skirting"	20
"solve"	20
"specific"	180
"statement"	20
"station--in"	20
"steamers"	40
"supply"	80
"system"	980
"taken"	420
"their"	1200
"transcription"	20
"twelve"	40
"twenty"	60
"vast"	40
"vinial"	20
"1"	1120
"101"	40
"11.3"	20
"137-140"	20
"141-144"	20
"163"	20
"1870"	40
"29,086"	20
"4.0"	20
"5,102,000"	20
"536,720"	20
"56-92"	40
"616"	20
"8,961"	20
"8.06"	20
"\u2590|1,045,570"	20
"added"	140
"addition"	140
"also"	720
"attach"	40
"awakened"	20
"baltimore"	660
"beg"	40
"briefly"	80
"carefully"	40
"circumferential"	40
"cities"	820
"co\u00f6peration"	60
"combined"	40
"completion"	60
"concern"	40
"concerning"	40
"conform"	120
"corners"	20
"count"	160
"damage-waivers"	20
"data"	360
"degree"	120
"delivery"	60
"density"	20
"derricks"	20
"develop"	120
"developments"	160
"difficulties"	140
"dirty"	20
"disclaimers"	20
"district.[3"	20
"dropped"	20
"earthy"	40
"edinburgh"	20
"edition"	20
"effective"	140
"embankment"	120
"excavated"	60
"extension._--princeton"	20
"extent"	240
"february"	60
"feet"	3120
"first"	1000
"framework"	60
"gradient[35"	20
"ground"	160
"guarded"	20
"haights"	340
"hazelwood"	220
"high-level"	140
"ignore"	20
"inch"	40
"inconvenience"	140
"inconvenienced"	20
"index"	140
"indicates"	80
"instances"	40
"involved"	180
"justification"	40
"largest"	40
"larimer"	120
"length"	200
"llc"	20
"motor"	60
"moultrie"	140
"moved"	180
"movements"	40
"notably"	20
"occurred"	20
"opened"	20
"oswego"	40
"owned"	100
"patience"	20
"pay"	120
"percent"	40
"plat"	20
"plaza"	40
"primitive"	100
"property"	760
"pumping"	20
"radius"	20
"realization"	20
"renamed"	20
"reserved"	20
"sand-piles"	20
"sent"	60
"seven"	20
"shafts"	20
"skirt"	40
"small"	660
"somehow"	20
"soon"	300
"spaciousness"	40
"spirit"	40
"stalls"	60
"stratum"	60
"sundered"	20
"think"	20
"thoroughly"	20
"to"	29960
"transcripts"	20
"trips"	40
"try"	220
"unused"	60
"upland"	60
"uses"	20
"viaduct._--in"	20
"was"	900
"whitfield"	20
"whose"	80
"would"	4100
"wyandotte"	20
"1,097,378"	20
"1.f.5"	20
"157-159"	20
"160"	100
"20.44"	20
"25th"	20
"3.82"	20
"35,000"	40
"36,759"	20
"37"	240
"539"	20
"613"	20
"68"	280
"8,159"	20
"99"	20
"abandonment"	20
"accessed"	20
"accomplish"	60
"alaska"	20
"alexander's"	20
"anticipation"	40
"assessors"	60
"avoiding"	40
"barren"	20
"bed"	40
"blank"	20
"block"	160
"books"	20
"boroughs"	160
"buy"	20
"caused"	40
"chicago"	120
"church"	20
"code"	60
"complexity"	20
"contribute"	40
"cross-town"	180
"crossing"	940
"deferred"	40
"descriptive"	20
"despite"	20
"domini"	20
"estate"	120
"european"	160
"ewing"	20
"excellent"	20
"favorable"	60
"fence"	20
"finer"	20
"freeport"	160
"gone"	40
"gotten"	60
"groping"	20
"group"	60
"growth"	360
"handled"	20
"herself"	20
"highland"	300
"hill"	1180
"impressiveness"	20
"inevitable"	20
"irreducible"	20
"issued"	20
"junctions"	20
"know"	20
"lane"	100
"legal"	80
"lesser"	40
"liberal"	20
"lined"	40
"loose-leaf"	20
"manaos"	20
"many-sided"	20
"margins"	20
"mississippi"	20
"monuments"	140
"needs"	380
"ownership"	40
"particulars"	20
"partly"	160
"pass"	140
"peculiar"	160
"personally"	20
"pike"	300
"pittsburgh--monongahela"	20
"plates"	20
"pleasures"	20
"possessing"	20
"postpone"	20
"protected"	180
"provide"	580
"publication"	60
"rectify"	20
"reduction"	100
"regions"	160
"required"	500
"right-angle"	20
"roadway"	320
"rougher"	40
"scarce"	20
"seen"	100
"seine"	100
"selling"	20
"sets"	40
"seventeenth"	40
"similar"	120
"sky"	20
"stations"	60
"success"	240
"supplies"	140
"temporizing"	20
"terrace"	100
"throw"	60
"transferring"	20
"uniformly"	20
"university"	20
"unproductive"	20
"usable"	20
"valley._--another"	20
"valleys--and"	20
"views"	80
"village"	20
"1.f.2"	20
"109-112"	20
"113-116"	20
"1902"	40
"1909--table"	20
"19th"	20
"2,628"	20
"300"	60
"34"	120
"4959"	20
"65"	440
"672"	20
"72_b"	40
"7408"	20
"77.7"	20
"96"	40
"982"	20
"accumulation"	20
"accustomed"	20
"any"	2600
"arrangements"	20
"ask"	20
"atlas"	40
"avoid"	180
"barrier"	20
"beaver"	40
"benno"	40
"birth"	20
"bonn"	20
"broadway"	120
"brooklyn"	60
"canals"	80
"carrick"	120
"cars--is"	20
"civil"	20
"come"	200
"commercially"	60
"comparative"	80
"consideration"	320
"continuation"	60
"cross-streets"	20
"december"	140
"deficiencies"	20
"demanded"	40
"demonstrates"	20
"developed"	200
"disclaim"	20
"disregarded"	40
"district--from"	20
"dominant"	20
"double-deck"	20
"edwin"	20
"encoding"	20
"enlargement"	20
"everywhere"	20
"falls"	40
"fidelity"	20
"fields"	20
"floods"	200
"forces"	40
"forty"	20
"fragments"	20
"friend"	20
"ft"	40
"grades"	300
"gratefully"	20
"green"	20
"he"	300
"hesitancy"	20
"high-level|low-level"	20
"highways"	100
"holdings"	20
"householders"	40
"information"	360
"interfere"	80
"intersecting"	20
"lacking"	60
"levels"	180
"lies"	120
"meantime"	20
"mistakes"	20
"money"	180
"offering"	60
"of|auto"	20
"omit"	20
"plan"	1720
"playground._--at"	40
"portion"	580
"practice"	40
"profiles"	120
"projects"	20
"radical"	240
"regards"	60
"renders"	40
"requirement"	20
"rough"	20
"rules"	40
"sand"	80
"seek"	40
"seneca"	60
"set"	400
"side"	2260
"skill"	100
"staff"	20
"started"	60
"strong"	20
"this"	8040
"thoroughfares"	1320
"tilley"	20
"times"	240
"traffic_.--there"	20
"trunk"	60
"unavailable"	60
"understood"	120
"unpromising"	20
"varied"	80
"vehicles"	540
"westward"	140
"where"	1960
"whereby"	60
"widening"	1640
"without"	940
"wooden"	60
"1.f"	20
"1000"	20
"118"	120
"14,846"	20
"15.4"	20
"162-165"	60
"2763"	20
"285"	20
"29,146"	20
"3,869"	20
"31"	180
"37-43"	20
"428"	20
"43]wt"	20
"6.3%[34"	20
"62"	300
"74-75"	20
"93"	60
"99,300,075|137,696,104|203,896,154|270,096,204"	20
"\u2588\u2588|2,344,398"	20
"accruement"	20
"adverse"	20
"allowed"	100
"apparatus"	20
"appearing"	20
"asset"	60
"avon"	40
"await"	160
"because"	800
"below"	680
"beyond"	480
"bigger"	20
"binary"	20
"bothersome"	20
"calculate"	20
"canalization"	20
"center-pier"	20
"children"	100
"co\u00f6rdinate"	100
"complete"	280
"concept"	40
"concrete"	20
"controlled"	120
"corner"	400
"creating"	80
"desperately"	20
"discovery"	20
"drawn"	60
"easier"	60
"elect"	20
"embrace"	20
"engineer's"	20
"estimated"	140
"exactly"	20
"excess"	20
"expensive"	100
"experience"	120
"extension._--woodstock"	20
"fair"	120
"flatter"	40
"forestall"	20
"found"	200
"frontispiece"	40
"gang-planks"	20
"given"	540
"government"	140
"governments"	20
"have"	2380
"iii"	40
"implied"	60
"incidental"	140
"indirect"	100
"institute"	100
"joseph"	20
"lack"	200
"limits"	80
"lofty"	20
"logical"	60
"make"	640
"manufactured"	20
"manufacturing"	160
"marion"	20
"materially"	220
"merely"	200
"methods"	120
"notes"	80
"occupy"	40
"one--the"	20
"ordinance.--to"	20
"park._--perhaps"	20
"patrons"	20
"pedestrians|[39]gross"	20
"precipitous"	220
"previous"	20
"probably"	500
"prove"	60
"pursuit"	20
"re-surveyed"	20
"ready"	100
"reform"	20
"relate"	20
"relative"	40
"relocate"	40
"returns"	40
"rounded"	20
"setting"	100
"sewers"	100
"shore"	20
"shrubbery"	20
"sight"	100
"sold"	20
"steepness"	20
"street|aug"	20
"stuff"	20
"support"	100
"surveys"	720
"tentative"	40
"thereon"	100
"too"	300
"townships"	160
"transmissal"	60
"two-thirds"	20
"unloaded"	20
"vacant"	200
"webster"	120
"1.c"	40
"10,184"	20
"132,894"	20
"1884"	20
"1906-1907.--u"	20
"2,901,837"	20
"220"	20
"23.3"	20
"3,940"	20
"33]maximum"	20
"425"	20
"53,127,210|\u2588\u2588\u2588\u2588\u2588\u2588\u2588\u2588\u2588\u2588\u2588\u2588\u2588\u2588\u2588\u2588\u2588\u2588\u2588\u2588\u2588\u2588\u2588\u2588\u2588\u2588\u2588\u2588\u2588\u2588\u2588\u2588\u2588\u2588\u2588\u2588"	20
"530"	20
"85-87"	20
"90"	100
"96,485"	20
"aggressive"	20
"alteration"	60
"appear"	240
"artistic"	40
"athletic"	20
"back-water"	20
"balance"	40
"brady"	120
"branch"	540
"brilliant"	40
"charges"	40
"choice"	20
"chubb"	60
"close"	220
"club"	20
"conscious"	20
"consequence"	60
"construct"	40
"contain"	40
"corliss"	180
"critical"	20
"crosses"	40
"dated"	20
"designing"	20
"determination"	60
"distinctive"	40
"does"	360
"doing"	20
"effectually"	20
"enlarged"	80
"entered"	20
"enthusiasm"	20
"executed"	20
"fee"	180
"formats"	40
"fox"	20
"girls"	20
"healthful"	60
"human"	40
"humps"	20
"inclines"	100
"increased"	400
"instructions"	40
"intended"	20
"investigations"	120
"laying"	40
"let"	20
"liberty"	1320
"locality"	240
"loose"	60
"machine"	20
"middlemen"	60
"miles"	200
"moral"	20
"oliver"	140
"patchwork"	40
"periodic"	20
"permanently"	40
"picturesque"	40
"possession"	20
"preferable"	20
"price's"	20
"principle"	100
"principles"	20
"purpose--an"	20
"quite"	140
"registered"	40
"relatively"	80
"remainder"	20
"rentals"	20
"result"	300
"rigid"	20
"river--average"	20
"roadbed"	40
"rr"	40
"serving"	60
"shall"	360
"short-sighted"	60
"showing"	420
"sidney"	20
"signs"	40
"skylights"	20
"slightly"	120
"sometime"	20
"standards"	20
"street"	15200
"streets,--rebecca"	20
"surveyor"	20
"sustained"	40
"systems"	40
"tempt"	20
"terraces"	40
"thick"	20
"through-routing"	20
"topographical"	420
"toward"	140
"transcribe"	20
"turning"	40
"uniting"	20
"urgently"	60
"us"	60
"vans"	20
"wellesley"	20
"whether"	100
"1,247,020"	20
"1,506"	20
"13-nov"	20
"2001"	20
"21,763"	20
"34-37"	40
"379"	20
"732"	20
"750175"	20
"7\u00be"	20
"9,534"	20
"9,844"	20
"abutments"	20
"abutting"	200
"advantages"	200
"affords"	20
"alone"	80
"amplitude"	20
"annoyance"	20
"apparent"	100
"applies"	20
"approach"	740
"arriving"	60
"attached"	40
"authority"	120
"auto"	40
"barefoot"	20
"blunders"	20
"bridges|pedestrians|[39]gross|[40]total"	20
"cannot"	400
"cargoes"	100
"civic"	700
"clear"	480
"complaint"	20
"connection._--arlington"	20
"counsel"	20
"cutting"	420
"days"	320
"declivities"	40
"decoration"	40
"deeper"	40
"defacement"	100
"depreciating"	20
"devised"	20
"difficulty"	220
"discommode"	20
"dravosburg._--from"	20
"driving"	60
"dwelling"	20
"electric"	120
"especially"	520
"essential"	240
"exceptionally"	100
"fail"	40
"family"	20
"fast-moving"	60
"five"	80
"frequently"	100
"gauge"	80
"gross"	100
"happening"	20
"herrs"	20
"hour"	60
"incomplete"	40
"indicated"	140
"intellectual"	40
"intersection"	60
"lausanne"	40
"lectures"	20
"mailed"	20
"main"	2480
"mckay"	40
"merit"	20
"misleading"	20
"more"	1960
"neglected"	60
"ninth"	440
"northern"	260
"on"	8220
"owes"	20
"pains"	80
"partially"	60
"pierce"	20
"pipes"	20
"playground._--partly"	20
"plenty"	40
"powers"	20
"present"	1960
"rare"	60
"registry"	20
"relieved"	20
"remaining"	160
"remedies"	20
"repeated"	20
"requirements"	180
"response"	20
"retailers"	40
"scheme"	80
"sections"	320
"separately"	20
"seriously"	100
"sidehill"	60
"sordid"	40
"step"	60
"street-sixth"	20
"street[41"	20
"successful"	100
"suggests"	20
"telephone"	20
"thence"	360
"ties"	20
"track"	140
"tunnel--and"	20
"typewritten"	20
"up"	1700
"use"	1240
"used"	420
"utilitarian"	20
"velocity"	20
"vice-president"	60
"wanting--direct"	20
"when"	940
"wiser"	20
"140"	60
"17"	400
"171"	20
"450"	20
"48"	160
"49-56"	40
"4\u00be"	20
"62,700,000"	20
"714,856|forty-third"	20
"79"	420
"\u2590"	40
"accessibility"	20
"adds"	40
"agreement"	400
"aluminum"	20
"amid"	40
"amounting"	60
"archive\/canadian"	40
"attract"	20
"avenue"	9120
"boats"	760
"boulevard"	1540
"brought"	60
"cheapness"	20
"circuit"	40
"claimed"	20
"co-operative"	20
"common"	120
"consistent"	20
"cramped"	120
"creation"	20
"curving"	20
"dealt"	20
"dear"	20
"departments"	20
"diminishing"	20
"distinguished"	20
"divide"	20
"dragged"	20
"drawbridges"	20
"enlarge"	20
"entrance"	260
"equitable"	20
"europe"	120
"even"	740
"felt"	80
"flourishing"	40
"flowers"	20
"for"	11480
"forward"	120
"fronting"	40
"geodetic"	40
"grandstand"	20
"grappling"	20
"hope--sometimes"	20
"how"	240
"http:\/\/www.gutenberg.org\/4\/9\/9\/7\/49972"	20
"ii"	380
"insufficient"	60
"lags"	20
"laid"	240
"large-sized"	20
"lastly"	20
"listed"	20
"major"	40
"marsh"	20
"matters"	20
"owns"	100
"passengers"	260
"pave"	20
"planting-strip"	20
"point"	1640
"possibility"	80
"prejudice"	20
"pressing"	40
"private"	320
"procedure"	420
"proceed"	40
"pronounced"	20
"proposed"	1520
"rebecca"	40
"restricted"	20
"ridges"	60
"rivers"	520
"safe"	40
"school"	20
"seats"	20
"shipped"	40
"sites"	100
"sloping"	80
"smooth"	20
"square"	460
"stands"	80
"steeply"	40
"that"	8080
"twenty-third"	20
"units"	60
"unsightly,--with"	20
"usually"	100
"vehicles--between"	20
"want"	40
"well-paved"	20
"wholly"	160
"yard"	120
"1,043,020"	20
"1.e.8"	80
"14"	240
"19.2"	20
"1913"	20
"2,019"	20
"3.0"	20
"30th"	40
"311,090"	20
"373"	20
"398,430|\u258e"	20
"4.35"	20
"45"	180
"76"	220
"accomplished"	40
"already"	560
"antwerp"	20
"architecture"	20
"as"	7220
"avalon"	40
"bank"	540
"beneath"	60
"besides"	20
"bracketed"	20
"branches"	120
"bridge._--butler"	20
"bridges_.--_highway"	20
"brown's"	40
"centre"	20
"chances"	20
"changing"	80
"commodious"	20
"competitive"	40
"computer"	40
"condemn"	20
"consensus"	20
"damages"	280
"decisions"	20
"decrease"	20
"dedication"	60
"derive"	20
"detour"	40
"downloading"	20
"elements"	40
"elsewhere,[4"	20
"enclosed"	80
"enforcing"	20
"enjoyed"	20
"executing"	20
"exploitation"	20
"fewer"	20
"fitted"	40
"flat-house"	20
"forced"	80
"forcefulness"	20
"formal"	20
"fortunately"	80
"forty-third"	340
"framing"	20
"fulfill"	20
"greater"	580
"habits"	40
"hampered"	20
"harmon"	20
"heidelberg"	20
"high"	1000
"hollow"	340
"horse"	40
"if"	2220
"improvement._--the"	60
"language"	20
"last"	120
"lift"	20
"lifted"	60
"manure"	20
"middle"	140
"narrower"	40
"normal"	100
"northwest"	140
"object"	20
"omitting"	20
"outlooks"	20
"pittsburghers"	60
"port"	20
"preferred"	60
"profit"	60
"projecting"	20
"protecting"	20
"questions"	80
"railway"	120
"ramps"	20
"reasonable"	620
"recommendations"	280
"refer"	20
"removed"	100
"reporting"	20
"requisite"	40
"retain"	40
"score"	40
"see"	320
"shalerville"	40
"share"	40
"sixteenth"	340
"slides"	20
"source"	40
"sources"	40
"southward"	100
"speed"	20
"street._--from"	20
"strung"	20
"stuttgart"	60
"suitability"	20
"superintendents"	40
"tapped"	40
"terracing"	20
"totals"	40
"ultimately"	120
"undoubtedly"	140
"unfortunate"	20
"uninterrupted"	40
"universally"	40
"usual"	40
"valley"	1900
"viaducts"	60
"violates"	20
"visited"	40
"voted"	40
"wants"	20
"warranty"	40
"water-sheds"	20
"wilkinsburg-edgewood"	100
"www.gutenberg.org\/contact"	20
"yards"	320
"yet"	260
"1,185,250"	20
"1.e.5"	20
"10.0"	20
"11"	300
"129"	20
"1898"	20
"1910"	260
"404,905"	20
"42"	160
"43]weight"	20
"54-foot"	20
"7.89"	20
"718"	20
"73"	280
"adaptability"	20
"advancement"	20
"angle"	20
"attempt"	40
"attractive"	240
"automobile"	20
"avenue--a"	40
"bargain"	20
"basis"	180
"behavior"	20
"bluff"	200
"carry"	320
"charge"	220
"circuitous"	60
"clothing"	20
"commissioners"	20
"company"	120
"compensation"	40
"compliance"	100
"connection._--on"	20
"constitutional"	20
"constructions"	40
"converted"	20
"copying"	80
"datum"	20
"deal"	140
"dealer"	20
"deducting"	20
"derived"	40
"destroy"	60
"developing"	60
"disposal"	20
"dominates"	20
"donnell"	20
"ebook"	260
"endemann"	20
"ends"	180
"engineer-in-charge"	20
"enter"	40
"expected"	160
"feeders"	20
"flat"	160
"flesh"	20
"followed"	140
"free"	320
"hart"	20
"identification"	20
"includes"	40
"independently"	20
"inlet"	20
"intelligent"	100
"inveterate"	20
"largely"	180
"lose"	20
"mailing"	20
"makes"	120
"manufacturing--it"	20
"mingled"	20
"minimize"	40
"montrose"	60
"mt"	180
"multigraph"	20
"murray"	80
"noted"	380
"oakwood"	40
"office"	500
"ordinarily"	40
"ought"	360
"parcels"	20
"penny-wise"	20
"per"	1840
"permanence"	20
"plant"	20
"providing"	260
"pushing"	20
"quasi-public"	20
"quickly"	20
"re-alignment"	120
"revenue"	40
"rodmen"	20
"segregate"	20
"simple"	80
"soho._--at"	20
"some"	1140
"spend"	20
"spends"	20
"spur"	20
"stretches"	40
"suggested"	240
"swarms"	20
"than"	2120
"third"	340
"three-quarter"	20
"untaxed"	20
"w"	240
"waste"	60
"year"	400
"zero"	20
"1,605,793"	20
"1.e.2"	20
"100-112"	20
"18th"	20
"2,664"	20
"20.4"	20
"200"	80
"2015"	20
"231"	20
"26-sept"	20
"293"	20
"577,320"	20
"6-9"	20
"70"	300
"accepting"	40
"accommodate"	100
"accrue"	20
"advanced"	60
"agency"	20
"agreeable"	140
"air"	40
"am"	20
"amounted"	20
"and"	38060
"antiquated"	40
"atlases"	20
"barge"	60
"begin"	20
"berlin"	60
"boat"	100
"bonded"	20
"branching"	80
"century"	40
"charged"	80
"circumstances"	160
"clinging"	40
"compelled"	120
"corrected"	100
"corresponds"	40
"criticism"	40
"crossed"	20
"damon"	20
"demand"	180
"descending"	80
"designs"	20
"detached"	20
"device"	20
"donations"	300
"ensuring"	20
"everybody"	20
"evidences"	20
"exclusively"	20
"existed"	20
"feature"	120
"forbes"	1640
"gbnewby@pglaf.org"	20
"glance"	40
"go"	160
"grounded"	20
"hon"	20
"horse-drawn"	60
"hutchinson"	60
"ideally"	20
"inclined"	20
"include"	140
"italian"	40
"joncaire"	20
"judging"	20
"lawful"	20
"lee"	20
"lessening"	20
"low-lying"	20
"man"	60
"manufacture"	20
"mapped"	40
"midst"	180
"mifflin"	140
"misfits"	20
"nearby"	20
"necessity"	140
"obstructing"	20
"often"	220
"opportunity"	600
"packet"	60
"payments"	80
"pointed"	20
"preparing"	60
"presented"	120
"prosecute"	20
"provides"	40
"qualities"	20
"rates"	40
"recommend"	20
"recreation"	460
"remodeling"	60
"representing"	60
"return"	80
"rich"	20
"right"	140
"sample"	60
"self-respect"	20
"shannon"	120
"sharpsburg"	340
"shipment"	20
"side._--the"	20
"site"	460
"sixty"	40
"special"	620
"st\u00fcbben's"	20
"storage"	20
"stretch"	20
"subsequently"	20
"system--in"	20
"t"	140
"terraced"	40
"tested"	20
"therewith"	60
"thoroughfare--a"	20
"three-level"	20
"tower"	20
"trading"	20
"trains"	80
"tried"	20
"troy"	140
"unit"	40
"unsatisfactory"	20
"usage"	20
"value.[44"	20
"virus"	20
"westview"	20
"whiting"	20
"widened--the"	20
"123"	40
"153-157"	20
"154"	20
"1909.--table"	40
"30,567"	20
"3260"	20
"44-56"	40
"495"	20
"73_d"	40
"9,350,000,000"	20
"acquired"	20
"altogether"	40
"application"	40
"applied"	80
"areaways"	20
"aside"	20
"attempted"	20
"baneful"	20
"basements"	20
"bends"	40
"boulevard._--east"	20
"brick"	20
"british"	20
"burns"	40
"careful"	80
"carries"	40
"chairman"	120
"charts"	40
"coast"	60
"comptroller"	20
"concentrate"	40
"connections._--stanton"	20
"connects"	160
"correspondingly"	20
"cost.[2"	20
"designed"	160
"determine"	100
"diamond"	500
"displaying"	80
"dredging"	20
"endowed"	20
"establish"	140
"execution"	20
"exist"	100
"favorably"	20
"glenwood"	300
"grading"	40
"great"	1040
"grouping"	60
"grove"	20
"hall"	120
"hand-to-mouth"	20
"having"	280
"howley"	160
"industries"	40
"ineffective"	20
"inevitably"	100
"intersections"	20
"into"	1140
"introduction"	140
"legislature"	40
"lower"	400
"lumber"	20
"mccandless"	20
"means"	580
"medium"	120
"mills"	60
"negligence"	20
"nineteenth"	20
"northeastern"	40
"occasional"	120
"old"	380
"one-sided"	100
"owed"	20
"path"	20
"paving"	100
"penn-liberty"	160
"periodical"	20
"plunging"	40
"po"	20
"possess"	40
"possessed"	20
"prefer"	40
"protection"	40
"provisions"	100
"related"	100
"schuylkill"	40
"several"	420
"shameful"	20
"side-wheel"	20
"sidings"	40
"sketch"	40
"staffs"	20
"steadily"	100
"striking"	140
"studies"	120
"summerhill"	20
"system.[26"	20
"they"	860
"tied"	40
"tributary"	40
"troublesome"	40
"tugs"	120
"ultimate"	80
"undeveloped"	80
"woods"	20
"woodville"	40
"1,681"	20
"10.89"	20
"11th"	20
"120"	120
"1617"	20
"2,201,473,500"	20
"28"	260
"53,622"	20
"55,118"	20
"59"	460
"60-62"	20
"714,856"	20
"73_a"	60
"809"	20
"81-85"	20
"99775"	20
"\u00b9\/\u2085\u2080\u2080"	20
"accordance"	240
"accuracy"	40
"activities--economy"	20
"additions"	40
"annual"	40
"apartments"	20
"appreciates"	20
"approved"	120
"archive"	260
"associated"	180
"back"	380
"bad"	160
"bates"	180
"before"	380
"bending"	40
"bureau"	360
"cents"	20
"claremont"	40
"commerce"	120
"community"	80
"concentrated"	60
"convert"	40
"crane"	20
"damage"	80
"decidedly"	40
"diagonally"	40
"discovered"	20
"distant"	40
"divisions"	40
"drawn-out"	20
"drift"	80
"early"	20
"eighteenth"	240
"eminently"	60
"enterprise"	40
"entertainments"	20
"establishment"	140
"expenditures"	60
"favor"	40
"foremen"	20
"foreseen"	20
"freeland"	60
"gaps"	20
"germany"	60
"goes"	40
"has"	2460
"haul"	40
"impede"	20
"interpreted"	20
"joins"	20
"leaps"	20
"least"	380
"lotting"	20
"madison"	20
"minutes"	20
"mohawk"	20
"monumental"	80
"mud-bank"	20
"n"	20
"neck"	20
"non-standard"	20
"now"	1280
"obstacles"	120
"one-sheet"	20
"operators"	20
"ordinary"	200
"owner"	280
"part"	1600
"passenger|delivery|single|double|pedestrians"	20
"penalties"	20
"perfect"	20
"perplexing"	20
"playground._--the"	20
"position"	20
"prevailingly"	20
"prevents"	20
"princeton"	40
"prompt"	40
"purposes"	520
"qualifications"	20
"railroad"	2340
"receive"	80
"recent"	80
"resting"	40
"rivers._--\"the"	20
"second"	1180
"shallow-draft"	20
"sheraden"	40
"shown"	320
"shrubs"	40
"signboards"	20
"solidly"	20
"state's"	20
"stonycamp"	40
"strolling"	20
"swift"	20
"temperanceville"	20
"thoroughfare[23"	20
"tons"	900
"tracks--and"	20
"uncared"	20
"unusually"	40
"unwisely"	20
"utf-8"	20
"very"	1520
"western"	240
"whim"	20
"worse"	20
"1,159,084"	20
"101-106"	20
"130,744"	20
"1]hamilton"	20
"20-oct"	20
"25"	240
"49972-0.zip"	20
"56"	180
"6,205"	20
"75,111"	40
"868"	20
"87"	20
"89,354"	20
"absorption"	20
"afforded"	20
"agencies"	20
"always"	180
"antisbury"	20
"arnold"	120
"assailed"	20
"assume"	60
"avenue--leads"	20
"believe"	40
"boys"	20
"carnegie"	80
"cases"	340
"cheap"	160
"city"	3780
"considering"	160
"constructed"	120
"damaged"	40
"determining"	20
"devoted"	80
"dignity"	40
"editions"	140
"enabled"	20
"exact"	40
"examples"	40
"expert"	20
"faces"	20
"field"	240
"fill"	40
"flood"	500
"force"	100
"formality"	40
"gateways"	20
"generation"	60
"geneva"	20
"goods"	100
"grade"	1560
"half"	240
"help"	100
"horizontal"	20
"hydrographic"	20
"inapplicable"	20
"incompetency"	20
"influencing"	20
"inordinately"	20
"insist"	20
"interesting"	240
"interrupt"	20
"jumonville"	20
"k"	100
"laborers"	20
"letter"	60
"leveling"	40
"life"	100
"literary"	260
"long"	540
"market"	1260
"necessitate"	20
"not"	3740
"obstruction"	60
"obtaining"	60
"outlets"	40
"outlook"	140
"passengers|tonnage"	20
"paved"	40
"permits"	40
"pinch"	20
"plot"	20
"post-office"	20
"prevent"	120
"processing"	20
"production"	20
"quarter--for"	20
"queens"	120
"read"	60
"remove"	60
"render"	40
"reservation"	20
"revise"	20
"richmond"	60
"river-boats"	20
"same"	700
"scope"	40
"serious"	460
"serve"	220
"shape"	100
"southeast"	180
"spread"	100
"stable"	40
"tear"	40
"thirty-seventh"	20
"topography"	220
"tows"	60
"transcriber's"	20
"traveled"	40
"undesirable"	80
"united"	680
"valley--where"	20
"waived"	20
"wish"	60
"1053"	20
"109"	20
"1]baum"	20
"2.3"	20
"22"	140
"24.2"	20
"25,904"	20
"29,273"	20
"3,519"	20
"4.74"	20
"4.8"	20
"53"	120
"84"	160
"896"	20
"9"	360
"abrupt"	20
"averaging"	80
"believed"	220
"beneficial"	20
"building"	1040
"bulk"	40
"california"	200
"carriage"	20
"cited"	20
"clair"	20
"cologne"	20
"concentration"	60
"conducting"	20
"congestion"	140
"connections"	560
"council"	20
"courteously"	40
"dependent"	60
"distinct"	80
"distinctly"	40
"domain"	40
"duquesne"	320
"employee"	20
"emsworth"	40
"enlarging"	40
"entering"	40
"eventually"	40
"excepted"	20
"expanded"	20
"extension._--coming"	20
"facilities"	380
"filled"	80
"final"	140
"floating"	220
"floats"	40
"foliage"	20
"friendship"	20
"generously"	40
"guidance"	20
"h"	160
"hazen"	20
"heinz"	60
"hereby"	20
"high-class"	20
"hospital"	20
"hotels"	20
"illustrates"	20
"imbued"	20
"inaccuracy"	60
"incalculably"	20
"included"	140
"indices"	20
"individual"	160
"inspector"	20
"interest"	220
"jog"	20
"june"	40
"keep"	140
"law"	440
"laws"	240
"liens"	20
"likely"	240
"maintained"	120
"mansion"	20
"me"	20
"measure"	60
"months"	80
"monument"	40
"monumenting"	40
"morewood"	20
"navigable"	200
"never"	160
"nice--easy"	20
"off-set"	20
"one-span"	20
"outward"	20
"package"	40
"particularly"	40
"pit"	20
"plus"	20
"preferably"	20
"prepared"	100
"present._--the"	20
"preservation"	40
"print"	20
"process"	180
"profits"	20
"rank"	20
"recognizes"	20
"representatives"	100
"request"	40
"river-boat"	20
"save"	20
"secured"	640
"spacious"	20
"streets"	2440
"strike"	20
"subscribe"	20
"suitable"	100
"systematic"	20
"tables"	60
"takes"	100
"taking"	160
"travel--largely"	20
"traverse"	20
"twofold"	20
"typographical"	20
"unknown"	20
"variation"	20
"wastes"	20
"water-front"	80
"weights"	60
"what"	280
"willingness"	20
"wise"	80
"word"	20
"yachts"	20
"you"	1460
"106"	20
"11.25"	20
"13,240,010"	20
"137"	60
"15\u00bd-foot"	20
"1875"	20
"2,750,000"	20
"273"	20
"3\u00bc"	20
"4.5"	40
"447"	20
"5,417,873"	20
"50"	340
"50,000"	20
"55,791"	20
"6"	380
"800"	20
"81"	320
"9,912"	20
"about"	1920
"acre"	100
"action"	160
"activity"	40
"adjust"	20
"amidst"	40
"angles"	40
"annually"	40
"appreciating"	20
"arbitrary"	60
"artists"	20
"associations"	20
"aug"	160
"boats--low"	20
"call"	40
"cent.[36"	20
"certainly"	100
"cliffs"	40
"coal"	200
"college"	20
"confirmation"	40
"conjunction"	20
"consequences"	20
"controlling"	60
"costly"	280
"course"	220
"credit"	20
"deductible"	20
"deeds"	40
"descend"	80
"discussion"	80
"disregard"	40
"e"	180
"elevations"	40
"eleventh"	60
"encroaching"	40
"evergreen"	40
"evidenced"	20
"example"	180
"express"	60
"extraordinarily"	20
"facing"	40
"favored"	40
"fixed"	300
"foreground"	40
"formerly"	20
"forming"	40
"freight"	1140
"got"	20
"grave"	20
"handling"	180
"heart"	120
"highest"	140
"hope"	60
"horses"	40
"improvements--the"	20
"indeed"	100
"interim"	20
"invariable"	60
"involve"	120
"issue"	100
"january"	20
"kennywood"	40
"later"	60
"leisure"	20
"limitation"	60
"little"	860
"measuring"	20
"meets"	20
"melwood"	20
"needed"	420
"non"	20
"obtain"	100
"october"	40
"of|street"	20
"outlying"	380
"parapet"	60
"park"	1980
"passage"	100
"pedestrians"	140
"play"	120
"points"	640
"princes"	40
"profession"	20
"protect"	60
"provided"	580
"questionable"	40
"reclaimed"	20
"reflections"	20
"relations"	20
"restaurants"	20
"rhine"	20
"ridge"	280
"river"	4460
"routine"	40
"safeguard"	20
"satisfactory"	180
"screen"	40
"section"	1180
"sort"	160
"stadtebau"	20
"stand"	40
"succession"	20
"summed"	20
"supplying"	40
"tennyson"	60
"them"	880
"timber"	20
"traffic--except"	20
"trails"	20
"transfers"	20
"trouble"	60
"two-level"	60
"wage-earning"	20
"walk"	40
"well-recognized"	20
"wharf"	160
"woodstock"	100
"11-17"	20
"134"	20
"1500"	20
"1872"	20
"19,661"	20
"2,796,122"	20
"28-mar"	20
"28.33[22"	20
"3"	960
"4,800"	20
"460,119"	20
"64-6221541"	20
"705,147"	20
"785,147"	20
"84116"	20
"9,351"	20
"acres|1091"	20
"ago"	60
"allowance"	40
"almost"	580
"area.[24"	20
"areas"	280
"attention"	80
"awnings"	20
"b"	340
"bell"	280
"bern"	60
"blockades"	20
"borough"	160
"bought"	20
"bridge-like"	20
"built"	560
"canvassing"	20
"capacity"	360
"car"	380
"carried"	420
"causing"	40
"citizens"	60
"climax"	80
"climb"	80
"closed"	20
"comprise"	40
"corporation"	20
"costs"	140
"craig"	60
"criterion"	20
"decent"	100
"decreasing"	20
"deemed"	60
"dimensions"	60
"discontinued"	20
"distance"	380
"ellsworth"	160
"engineering"	100
"engineers"	460
"equals"	20
"exhaustive"	20
"exporting"	20
"extension._--hawkins"	20
"ferry"	20
"fifth"	1320
"filter"	20
"fixing"	20
"fort"	220
"four-line"	20
"fremont"	40
"gardener"	20
"handicapped"	20
"hump"	560
"ideal"	140
"including"	480
"inclusive"	20
"intervals"	80
"joining"	160
"making"	380
"mile"	340
"modified"	20
"movement"	100
"no"	2760
"offered"	200
"once"	160
"originally"	60
"over--to"	20
"particular"	60
"perpetuate"	20
"perspectives"	20
"picturesqueness"	40
"problems"	240
"profitable"	20
"progressive"	20
"promenade"	220
"promising"	40
"proves"	20
"regardless"	80
"rents"	20
"replanning--can"	20
"risk"	20
"september"	40
"sign"	20
"slumping"	40
"solicitor"	20
"specifically"	20
"spellings"	20
"stairways"	20
"street--fifth"	100
"street._--plans"	20
"studied"	200
"teaming"	160
"tests"	40
"thousand"	60
"throughout"	260
"transitmen"	20
"unprogressive"	40
"velocities"	60
"wherever"	40
"wilkins"	120
"0"	200
"100"	200
"11,351"	20
"117-122"	40
"14,732,130"	20
"160-162"	60
"162"	20
"2,127,585"	20
"31-92"	20
"39"	100
"8,030"	20
"8.9"	20
"987"	20
"ardmore"	140
"array"	20
"avoids"	40
"bathe"	20
"board"	120
"brighton"	280
"bureaus"	80
"charles"	200
"choose"	20
"closely"	160
"conclusions"	120
"conformity"	20
"congress"	60
"constructing"	120
"continued"	140
"converting"	20
"country"	620
"dangerous"	100
"determined"	180
"division"	40
"doubtful"	20
"drawbacks"	40
"economical"	320
"elbe"	20
"emphasis"	40
"end._--braddock"	20
"entirely"	180
"erects"	20
"experiments"	80
"extension._--murray"	20
"fees"	80
"footway"	20
"four"	180
"fuel"	20
"had"	240
"happiness"	20
"held"	60
"improved"	520
"incompleteness"	20
"inconsiderate"	20
"intervening"	20
"island"	100
"lang"	120
"leaves"	40
"lithography"	20
"look"	60
"marginal"	20
"minds"	20
"name"	60
"negro"	20
"nowhere"	40
"occasion"	20
"ofen"	20
"omitted"	20
"outlook--while"	20
"panhandle"	180
"positions"	20
"practical"	100
"prevail"	40
"produced"	140
"quay"	340
"radiating"	20
"ratio"	20
"reading-room"	20
"reasonably"	340
"recommending"	20
"reliable"	20
"reported"	40
"representations"	20
"require"	240
"roof"	20
"run._--from"	20
"safely"	40
"sharply"	40
"silently"	20
"silver"	80
"sized"	20
"smithfield"	220
"statements"	20
"stores"	180
"stories"	20
"street._--frankstown"	20
"subject"	140
"taxes"	180
"teamed"	20
"terms"	480
"the"	95770
"thirty-nine"	20
"thoroughfare._--returning"	20
"through"	1740
"user"	60
"visit"	40
"vital"	100
"war"	40
"wider"	60
"1,500,000"	20
"1.f.4"	20
"1935"	20
"3,979"	20
"32,478,500"	20
"36"	160
"4,925"	20
"4,957,000,000"	20
"6329"	20
"64_b"	20
"67"	140
"72,854"	20
"848"	20
"98"	120
"administration"	60
"affecting"	100
"afield"	20
"alternate"	20
"america"	100
"american"	160
"appreciation"	60
"arranged"	80
"be"	15640
"bear"	80
"bit"	20
"boquet"	40
"bridge._--the"	120
"budapest"	80
"buys"	20
"care"	80
"channels._--for"	20
"chartiers"	280
"cheaply"	40
"comeliness"	60
"connection._--there"	20
"consequential"	20
"contact"	160
"correspond"	80
"crossings._--near"	20
"dead-end"	40
"debouching"	20
"decide"	60
"denied"	40
"department"	60
"destination"	20
"distribute"	120
"educational"	20
"erect"	40
"established--it"	20
"everything"	40
"extension"	1460
"factor"	60
"fitting"	80
"folly"	20
"frazier"	20
"frontier"	20
"gives"	180
"graphically"	60
"her"	60
"holiday"	40
"inches"	40
"ithe"	10
"land"	1620
"leader"	20
"lessened"	40
"liberty.[30"	20
"lieu"	40
"limited"	480
"longitudinal"	20
"manufacturers"	40
"matter"	300
"monitor"	20
"myself"	20
"narrowest"	20
"neatly"	20
"necessitates"	20
"newcomer"	20
"novelty"	20
"obedient"	20
"occur"	80
"online"	120
"overlooking"	100
"paying"	80
"percentage"	20
"pine"	140
"pitch"	20
"place"	560
"planning--or"	20
"playground"	280
"police"	20
"publicly"	20
"pure"	20
"rebuild"	20
"reconstructed"	40
"regretted"	20
"remote"	40
"respectfully"	40
"rise"	260
"roadways"	40
"sake"	120
"seem"	180
"simply"	200
"smallman"	20
"snyder"	20
"talked"	20
"team),--.9"	20
"thing"	140
"undertaken"	60
"unload"	20
"unparalleled"	20
"urged"	140
"valuable"	100
"vessels|no"	20
"weather"	60
"well"	520
"www.gutenberg.org\/donate"	40
"1,045,570"	20
"1.f.1"	20
"225"	20
"24,335,982|\u2588\u2588\u2588\u2588\u2588\u2588\u2588\u2588\u2588\u2588\u2588\u2588\u2588\u2588\u2588\u2588\u258c"	20
"33"	160
"351,400|19,929|75,555"	20
"37]4,444[37]7,764"	20
"489,416"	20
"5,000"	40
"5-30"	20
"60,919"	20
"64"	360
"7,000,000"	20
"72_a"	60
"95"	100
"\u2588\u2588|2,796,122"	20
"agricultural"	20
"alongside"	40
"approach--south"	120
"axis"	20
"beechwood"	440
"bion"	60
"boundaries"	240
"bridges"	3640
"carfare"	20
"certain"	560
"cleanly"	20
"creeks"	20
"cure"	40
"demands"	100
"devices"	20
"displacement"	20
"establishing"	40
"examined"	20
"except"	340
"excursion"	20
"farming"	20
"fifty-foot"	20
"flatness"	20
"fork"	20
"gas"	20
"gently"	20
"governing"	20
"graphical"	20
"groupings"	20
"hauled"	40
"heavy"	260
"huge"	40
"illustrated"	40
"improvement._--at"	20
"it"	9940
"italics"	20
"knoxville"	20
"layers"	40
"lithographic"	20
"market-men"	20
"mcfarland"	20
"note"	120
"organization"	60
"overestimate"	20
"pages"	80
"paper"	20
"paralleling"	20
"parked"	20
"permanent"	400
"pittsburgh--width"	20
"playing"	40
"populated"	20
"projected"	40
"purchases"	20
"purpose"	380
"raised"	180
"raw"	60
"recognized"	20
"recourse"	20
"recreative"	40
"regrading"	60
"run"	2220
"saint"	20
"setbacks"	20
"sidewalk"	480
"signed"	20
"solicitation"	20
"solutions"	100
"sprague"	20
"steeper"	140
"stimulating"	20
"surely"	40
"surveyed"	20
"systematically"	20
"thanks"	20
"therein"	80
"thoroughfare._--sawmill"	20
"those"	1000
"throats"	20
"together"	160
"two-spans"	20
"underscores"	20
"viewing"	20
"wasted"	20
"ways"	80
"well-conducted"	20
"wheels"	20
"widened"	720
"wind"	120
"1.e"	40
"108,000,000"	60
"117"	80
"18-foot"	20
"1a[38"	20
"3,279"	20
"30"	280
"32,000"	20
"61"	340
"715,985|\u2588"	20
"92"	40
"abutters"	100
"adhering"	20
"affected"	80
"afford"	100
"apart"	140
"avenues"	500
"axial"	20
"beginnings"	20
"benefit"	140
"bound-stones"	20
"built-up"	60
"class"	120
"cleaned"	20
"climbing"	140
"comparison"	120
"comprising"	20
"conceivable"	20
"confinement"	20
"construction"	600
"covered"	120
"covers"	20
"curb"	220
"danger"	60
"danube"	40
"deck"	120
"differed"	20
"discussed"	180
"district._--a"	20
"drive.[16"	20
"drivers"	40
"driveway"	20
"each"	940
"enters"	60
"esthetic"	60
"estimate"	40
"exclusion"	40
"executive"	40
"figures"	140
"fix"	40
"flow"	20
"fourth"	180
"gap"	160
"granted"	40
"haberman"	20
"hardly"	140
"heavily-loaded"	20
"homewood"	40
"hundred"	200
"incidentally"	60
"intricate"	20
"just"	720
"justifiable"	40
"landowners"	20
"lands"	300
"lincoln"	200
"live"	80
"loss"	100
"merchantability"	20
"minsinger"	20
"nevertheless"	60
"newby"	20
"observable"	20
"obtainable"	20
"olmsted"	300
"orders"	20
"paperwork"	20
"parkway._--it"	20
"party"	20
"performance"	40
"performed"	40
"playfields"	40
"please"	60
"pre"	40
"premature"	20
"preparation"	200
"prevailing"	100
"probability"	40
"prosperity"	20
"protective"	20
"race"	40
"ragged"	20
"reach"	340
"reconcile"	20
"recorded"	40
"requiring"	100
"reserve"	20
"respectively"	20
"rhone"	20
"richard"	80
"rises"	20
"sacrifice"	60
"secretary"	60
"securing"	100
"seems"	500
"settlements"	20
"sharing"	20
"sharp"	100
"sherrard"	20
"sore"	20
"sound"	20
"spelling"	20
"submitted"	60
"sufficient"	220
"surrounding"	160
"symons"	140
"taxpaying"	60
"theoretical"	20
"therefrom"	20
"thoroughfare._--another"	20
"thus"	680
"ton"	180
"trucks"	80
"tunnel"	980
"twelfth"	20
"twenty-first"	20
"type"	280
"unjustifiable"	40
"valley--say"	20
"volunteer"	20
"walking"	20
"watch"	60
"wear"	40
"wharves"	20
"wisconsin"	20
"wisest"	20
"worthy"	60
"1,055"	20
"1.3"	20
"1.b"	20
"10.36[22"	20
"145"	20
"2,228,270"	20
"27\u00b4"	20
"37,888"	20
"38.81[22"	20
"4,877,495|\u2588\u2588\u2588\u2588\u2588\u2588\u258c"	20
"4394"	20
"455"	20
"5.24"	20
"51,457"	20
"80-foot"	20
"9,608,406"	20
"93-100"	20
"\u2595"	120
"acres"	300
"acts"	40
"advantageous"	60
"along"	1300
"although"	280
"annum"	80
"appears"	220
"arising"	20
"arlington"	140
"away--you"	20
"basement"	80
"beelen"	20
"boggs"	40
"bridges|passenger|delivery|single|double"	20
"chronically"	20
"compilations"	20
"completed"	100
"compressed"	20
"connected"	120
"counting"	20
"crafton-carnegie"	100
"created"	80
"curve"	120
"dealing"	40
"delayed"	20
"dense"	80
"different"	300
"dip"	20
"draft"	20
"e-mail"	20
"eastern"	180
"effectiveness"	40
"entrusted"	20
"equal"	180
"established"	160
"expenses"	80
"extension._--kelly"	20
"extension._--the"	20
"fed"	20
"food"	60
"footnotes"	120
"forlorn"	20
"format"	80
"fortunate"	20
"gaining"	20
"garden"	120
"harbor"	480
"head"	360
"heaviest"	20
"in"	19320
"instance"	100
"intelligently"	40
"investigation"	120
"john"	80
"looking"	20
"loyalty"	20
"material"	240
"needlessly"	20
"objectionable"	80
"opening"	100
"operating"	40
"ordering"	20
"outlet._--raising"	20
"outlined"	20
"page"	420
"parks"	580
"peculiarities"	20
"planned"	100
"plays"	40
"positive"	40
"potentially"	20
"preserved"	40
"printing"	40
"properly"	100
"proved"	60
"rauh"	20
"realized"	60
"reduce"	180
"reflected"	40
"regulations"	40
"rendered"	20
"replanning--is"	20
"representative"	20
"riages|mobiles"	20
"robinson"	20
"scattering"	20
"set-back"	60
"sir_:--i"	20
"situation"	140
"skiffs"	20
"sorts"	20
"speaking"	80
"spruce"	20
"submit"	40
"substitute"	20
"sylvania"	20
"there"	2240
"thomas"	100
"tonnage"	320
"unoccupied"	40
"utilize"	40
"value.[32"	20
"vicious"	40
"walks"	100
"were"	480
"westward._--the"	20
"zones"	20
"111"	20
"13,240,010|[41]1,879,140,750"	20
"19"	120
"1908-1909.--u"	20
"2\u00bd"	40
"3.5"	60
"3.64"	20
"42\u00b4"	60
"47\u00b4"	60
"5.52"	20
"65-67"	20
"7\u00bd"	20
"96-98"	20
"according"	20
"act.--defining"	20
"acute"	20
"against"	200
"ample"	320
"bayard"	20
"behind"	60
"bethel"	20
"bond"	100
"bridge"	5180
"casual"	20
"channels"	320
"commanding"	60
"connection._--chiefly"	20
"containing"	20
"customary"	40
"cutoff"	20
"degrees"	40
"described"	140
"destroying"	20
"director"	20
"driven"	20
"easterly"	20
"edgewood"	120
"eliminated"	120
"email"	40
"enacted"	40
"enclosing"	60
"enhance"	20
"estella"	20
"excessive"	200
"excuse"	20
"extend"	240
"fall"	60
"farther"	40
"feed"	20
"feet[5"	20
"foresight"	60
"gutenberg-tm's"	20
"hauls"	20
"houses"	140
"illustration"	1780
"impose"	40
"improvement._--washington"	20
"incline"	120
"indebtedness"	20
"inspiring"	20
"is--for"	20
"local"	940
"locations"	300
"may"	1480
"most"	1940
"mothers"	20
"niggardly"	20
"oakmont"	20
"objected"	20
"obstructive"	60
"oft-times"	20
"ones"	40
"openings"	20
"ordinances"	20
"overcome"	20
"parts"	360
"patched"	20
"pictorial"	20
"placid"	20
"pre\u00ebminent"	20
"precedents"	20
"prepare"	40
"press"	20
"presumably"	40
"pretty"	60
"productive"	40
"prominently"	40
"proportion"	220
"pursue"	20
"quick"	20
"radial"	120
"receipt"	80
"receives"	20
"refund"	200
"river-bottoms"	20
"rule"	140
"secluded"	60
"secondary"	80
"send"	20
"severe"	40
"shod"	20
"slanting"	40
"spang-chalfant"	40
"split"	20
"spring"	260
"stating"	20
"stored"	20
"street._--a"	20
"strip"	40
"stroll"	40
"studying"	40
"taxed"	20
"thinks"	20
"time"	760
"trademark"	220
"travel--or"	20
"undesirably"	80
"using"	340
"utilizing"	20
"wagons"	360
"wet"	20
"whitaker"	20
"width"	1060
"wooded"	160
"world"	240
"16"	220
"1710"	20
"1915"	20
"3.2"	20
"47"	160
"4\u00bd"	40
"5.8%[34"	20
"681,710"	20
"78"	360
"8.13"	20
"865,024"	40
"9th"	40
"access"	420
"additional"	300
"advertising"	20
"advocates"	20
"allen"	80
"anno"	20
"appropriations"	20
"awarding"	20
"buildings--the"	20
"central"	500
"chainmen"	20
"clean"	100
"climbs"	20
"compilation"	20
"complicate"	20
"connect"	340
"consumers"	20
"contributed"	20
"convenience"	80
"crossing._--the"	20
"crowned"	40
"davis"	40
"deals"	20
"decorated"	20
"delinquent"	40
"district"	2360
"dredged"	20
"east"	2300
"effect"	300
"enforce"	20
"examination"	40
"first-class"	60
"flats"	20
"fluctuations"	20
"foothold"	40
"freely"	120
"full"	400
"gentlemen"	20
"guyasuta"	100
"healthy"	40
"hit"	20
"homestead"	140
"indemnify"	20
"informality"	20
"inspectors"	20
"jones"	40
"keeping"	100
"lighting"	20
"load"	40
"management"	180
"meeting"	60
"mighty"	40
"miller"	20
"models"	20
"moment"	60
"my"	100
"onerous"	20
"organized"	20
"our"	180
"passes"	60
"perrysville"	40
"pieces"	120
"pittsburgh's"	140
"precipitate"	20
"price"	60
"profile"	40
"project"	1760
"prospects"	20
"quantity"	20
"rather"	300
"reality"	20
"reclothed"	20
"reconstructions"	20
"redeeming"	20
"remain"	140
"road._--the"	40
"saloons"	20
"sewerage"	40
"shale"	80
"shippers"	40
"sidenote"	680
"six"	80
"slatternly"	20
"specified"	40
"starting"	60
"surface"	200
"swissvale"	120
"tap"	20
"thoroughfare._--from"	20
"thought"	60
"totally"	20
"tunnel._--perhaps"	20
"unenforceability"	20
"unimportant"	20
"vision"	20
"wanted"	20
"winding"	20
"years"	360
"1,311,823"	20
"1.e.7"	60
"100,141"	20
"13"	200
"16th"	40
"19-28"	20
"2,495"	20
"2261"	20
"4.34"	20
"44"	140
"49972-0.txt"	20
"75"	500
"account"	240
"active"	180
"anywhere"	40
"appearances"	20
"arrangement"	200
"avenue--the"	40
"based"	200
"beautiful"	120
"bent"	20
"blackadore"	20
"bring"	100
"cease"	40
"charter"	20
"cobbler's"	20
"computation"	20
"condition"	240
"consequent"	40
"contained"	20
"correct"	40
"draw"	20
"drive"	140
"embodied"	20
"entrances"	80
"extended"	540
"extravagantly"	20
"familiar"	60
"figure"	100
"floor"	20
"fortifications"	20
"foundation's"	60
"give"	660
"hamilton"	180
"importance--and"	20
"impounding"	20
"independent"	160
"indicating"	20
"inducement"	20
"intercommunication"	20
"invariably"	20
"knowledge"	40
"landing-stages"	20
"liability"	60
"like"	260
"located"	320
"manhattan"	20
"medieval"	20
"mouth"	280
"much"	1340
"nature"	40
"necessary"	380
"northerly"	60
"nuisance"	40
"ocean"	20
"ohio"	780
"operation"	180
"originate"	20
"peaks"	20
"plainly"	20
"plateau"	80
"poor"	40
"preliminary"	80
"promoting"	40
"prussian"	20
"rear"	60
"reconstruction"	140
"recording"	20
"release"	60
"sewer"	20
"she"	20
"shoes"	20
"squares"	40
"steps"	100
"still"	440
"street--a"	40
"strictly"	40
"structure"	100
"structures"	140
"style"	20
"subdivided"	60
"supervision"	20
"synonymous"	20
"tavern"	140
"thoroughfares._--from"	20
"transverse"	20
"twenty-second"	220
"un-congested"	20
"upper"	280
"usefulness"	60
"varying"	80
"viaduct"	760
"vigor"	40
"wagons|riages"	20
"who"	420
"wrench"	20
"wylie"	20
""	28580
"1.e.4"	20
"10"	540
"101-122"	20
"128"	20
"159"	20
"2,135,000"	20
"4.93"	20
"41"	100
"58,875"	20
"72"	340
"abatement"	20
"address"	40
"amanda"	120
"appointed"	20
"attained"	60
"baldwin"	60
"beauty"	340
"been"	1580
"being"	620
"bench"	80
"bodies"	20
"book"	20
"bottom"	160
"cared"	20
"centralized"	20
"charitable"	20
"climatic"	20
"comes"	120
"completely"	20
"courageous"	20
"cover"	100
"cuts"	40
"deduce"	20
"did"	40
"disintegrated"	20
"diversion"	20
"doubt"	140
"duties"	20
"elevators"	40
"extension._--west"	20
"fifty-five"	20
"figured"	20
"flooded"	80
"follow"	280
"grammar"	20
"greatest"	40
"hillside"	1340
"hoped-for"	20
"illiberal"	20
"impartially"	20
"isolated"	80
"julius"	20
"legally"	80
"lengthened"	20
"ligonier"	60
"limit"	80
"maintenance"	80
"map"	440
"mentioned"	60
"morse"	80
"need"	580
"older"	80
"operate"	20
"passenger"	200
"pittsburgh"	2900
"plans"	520
"playgrounds"	40
"possible"	980
"proprietary"	20
"quality"	80
"ravines"	40
"re-use"	40
"reaches"	60
"recommendation"	20
"remark"	20
"replace"	40
"report"	1440
"restrictions"	60
"resulted"	40
"richardson"	20
"road._--washington"	20
"scarcely"	60
"scenic"	40
"schemes"	20
"sectional"	40
"sense"	80
"sewage"	20
"shabby"	20
"sides"	220
"simultaneously"	20
"soho._--as"	20
"solid"	100
"space"	700
"sparse"	20
"specifying"	20
"station"	420
"stimulates"	20
"strain"	20
"street|oct"	20
"strength"	80
"sums"	20
"supplemented"	40
"sure"	60
"switzerland"	40
"table"	340
"thereby"	120
"two-span"	20
"u.s"	140
"under"	1520
"utilized"	40
"v"	160
"variety"	40
"various"	520
"view"	380
"wealth"	20
"wheeled"	40
"zurich"	40
"1,035"	20
"1.e.1"	100
"115,851|202,429"	20
"125"	40
"13,950"	20
"156"	20
"230"	20
"398,430"	20
"43d"	40
"anyone"	100
"applicable"	100
"arise"	40
"art"	20
"assessed"	40
"assistance"	40
"attainment"	40
"automobiles"	180
"band"	40
"beginning"	80
"bessemer"	60
"committee"	340
"complicated"	20
"concurrently"	20
"confined"	100
"confounded"	20
"contiguous"	40
"counts.--table"	40
"county"	440
"depends"	100
"desirable"	380
"districts"	500
"dividing"	60
"due"	300
"elevated"	60
"enormous"	100
"equipped"	20
"extravagant"	40
"federal"	40
"fifty"	20
"fine"	40
"gathering"	20
"gradually"	260
"highlands"	20
"hilltop"	240
"honor"	40
"hoped"	140
"illuminating"	20
"inconvenient"	20
"investigated"	20
"involving"	40
"italy"	20
"kindly"	20
"led"	40
"ledge"	20
"loading"	60
"low"	400
"magee"	60
"maps"	560
"marketing"	20
"millvale"	280
"miscellaneous"	20
"monotony"	20
"month"	20
"mud"	20
"navigation"	660
"numberless"	20
"only"	1600
"paris"	280
"park._--northeast"	20
"planted"	20
"pocketed"	20
"pool"	240
"portions"	280
"possibilities"	20
"propose"	20
"ravine"	360
"re-alignments"	20
"real"	240
"road--forms"	20
"s"	200
"s\/he"	20
"separating"	40
"shadyside"	40
"sheds"	40
"shows"	120
"sluggish"	20
"soho"	380
"squirrel"	180
"standardizing"	20
"street._--south"	20
"tapes"	40
"technical"	100
"telling"	20
"traffic"	2900
"tree-shaded"	100
"typical"	100
"uneconomic"	40
"urgency"	20
"ventilators"	20
"version"	20
"vicinity"	160
"viewpoint"	40
"wasteful"	40
"west[25"	20
"1,484,299"	20
"10.29"	20
"122"	60
"14.3"	20
"153"	20
"15\u00bd"	20
"1860"	20
"1891"	20
"2,344,398"	20
"217,254|\u258e"	20
"24,325,900|\u2588\u2588\u2588\u2588\u2588\u2588\u2588\u2588\u2588\u2588\u2588\u2588\u2588\u2588\u2588\u2588\u2588\u2588\u2588\u2588\u2588\u2588\u2588\u2588\u2588\u2588\u2588\u2588\u2588\u2588\u2588\u2588\u258c"	20
"3,500,000"	20
"358"	20
"401"	20
"596-1887"	20
"73_c"	40
"77,330,000"	20
"accidents"	20
"agreed"	20
"assess"	20
"attractiveness"	60
"austrian"	20
"begun"	140
"bold"	60
"bounded"	20
"breach"	40
"burden"	180
"by"	7780
"carrier"	60
"changes"	520
"city--should"	20
"clerical"	20
"closer"	20
"compared"	80
"conclusion"	40
"condemnation"	100
"continue"	120
"cool"	20
"could"	1260
"craft"	60
"curtin"	20
"damming"	20
"defect"	60
"depth"	240
"designated"	40
"destruction"	80
"display"	40
"dollars"	20
"electronically"	40
"endangered"	20
"expect"	80
"extending"	340
"extensive"	60
"foundation"	440
"gymnasiums"	20
"health"	60
"incidently"	20
"indebted"	20
"initial"	20
"inner"	20
"instant"	20
"invited"	40
"justify"	80
"known"	40
"kreusler"	20
"lawrenceville"	80
"lengthening"	20
"levelers"	20
"limitations"	20
"linked"	20
"lot"	160
"mariners"	20
"mckees"	140
"mind"	140
"morris"	20
"mountainous"	20
"must"	1300
"negligible"	20
"next"	380
"obstructions"	40
"occasionally"	60
"occupants"	20
"option"	20
"p"	120
"parkways"	20
"passing"	320
"peebles"	20
"piers"	440
"places"	220
"policy"	80
"pound-foolish"	20
"practicability"	20
"preceded"	20
"promotion"	20
"proper"	340
"purchasing"	60
"received"	140
"repository"	20
"retired"	40
"rush"	20
"say"	140
"scale"	100
"significant"	20
"so"	2060
"southwest"	140
"splendid"	40
"sports"	20
"steady"	40
"tendency"	80
"term"	20
"thirtieth"	200
"thirty-sixth"	20
"thompson"	60
"treat"	20
"turtle"	180
"waive"	20
"water-tight"	20
"waterways"	60
"worked"	40
"working"	120
"workmen"	20
"134-165"	20
"150"	100
"1]haights"	20
"2.8"	40
"2449"	20
"26\u00bd"	20
"27"	100
"324"	20
"58"	240
"779,916"	20
"abandoned"	120
"agent"	20
"aggregate"	40
"all"	3220
"april"	160
"artery"	500
"ascends"	20
"avenue,--cross"	20
"average"	380
"bound"	140
"bridge-building"	20
"brillant"	20
"charities"	20
"constitution"	20
"copy"	240
"counts"	80
"creek"	320
"cross-connecting"	20
"crossing._--although"	20
"cut"	740
"damaging"	20
"destined"	60
"discover"	20
"discrepancies"	40
"distributor"	20
"dithridge"	40
"eastbound"	60
"either"	400
"entire"	180
"equipment"	160
"erie"	40
"existing"	580
"following"	860
"forgotten"	20
"freed"	40
"fronts"	100
"furthermore"	300
"grandeur"	20
"greentree"	20
"hearings"	40
"highly"	80
"holder"	80
"incident"	40
"informal"	60
"interior"	40
"its"	3120
"july"	20
"junction"	680
"lapse"	20
"level"	860
"life's"	20
"m"	40
"majority"	120
"massing"	20
"melting"	20
"modifications"	60
"nov"	20
"obvious"	180
"occupied"	300
"oneida"	20
"ormsby"	20
"otherwise"	120
"outer"	20
"overshadows"	20
"passed"	140
"pennsylvania"	520
"pglaf"	20
"previously"	40
"proceeded"	20
"producer"	60
"prohibition"	20
"railroads"	260
"resultant"	60
"retaining"	200
"retention"	40
"road._--troy"	20
"rosslyn"	20
"running"	480
"runs"	160
"servants"	20
"served--that"	20
"similarly"	60
"stanton"	140
"stop"	60
"sum"	40
"supplement"	20
"surveying"	20
"texts"	20
"thirty-first"	80
"thousands"	20
"uniform"	180
"utmost"	140
"vanilla"	40
"viaduct._--to"	20
"web"	100
"week"	20
"wide"	720
"1\u00be"	20
"20,685"	20
"24"	180
"326,752"	20
"49972"	20
"534,652|333,829|474,171|57,013"	20
"55"	100
"6,585.60"	20
"6,650"	20
"600"	20
"86"	240
"alternative"	40
"annoyed"	20
"ascending"	20
"baum"	120
"becomes"	320
"bellefield"	260
"belt"	40
"bodily"	20
"braddock"	500
"canal"	80
"cars"	500
"communication"	40
"comparable"	40
"comply"	120
"conceivably"	20
"congested"	60
"consider"	160
"conspicuous"	40
"constant"	20
"constructive"	20
"copyright"	400
"deep"	200
"defects"	20
"detach"	20
"diagram"	740
"double"	80
"draughting"	40
"dumps"	20
"encroached"	20
"end"	1840
"estimating"	60
"evil"	20
"exceptional"	20
"excessively"	20
"exchange"	20
"excluding"	20
"existence"	20
"expansion"	40
"extra"	60
"extremely"	80
"firm"	40
"frankfurt's"	20
"gates"	20
"generations"	60
"generous"	40
"getting"	140
"giving"	120
"grown"	40
"habit"	20
"hilltops"	60
"improvement._--etna"	20
"instead"	180
"j"	260
"kinds"	220
"lay"	80
"legislation"	20
"links"	80
"lowering"	20
"many"	760
"maximum"	580
"mere"	120
"michigan"	40
"millions"	60
"minor"	20
"necessities"	20
"nine"	120
"oakland"	60
"over"	2600
"owners"	240
"park-less"	20
"parkway"	320
"performing"	60
"pleasure"	280
"rearrangement"	20
"regard"	320
"regular"	80
"remembered"	20
"respects"	20
"royalties"	40
"separation"	40
"seriousness"	20
"slow-moving"	60
"span"	140
"spared"	40
"steep"	880
"streets.[8"	20
"strict"	20
"superintendent"	120
"supported"	20
"thoroughfare._--girty"	20
"tonsing"	40
"trade"	160
"undertaking"	100
"unfortunately"	80
"union"	120
"useful"	200
"useless"	20
"vehicle"	120
"wabash"	20
"wanting"	20
"wayne"	240
"welcomed"	20
"wooster"	20
"1,877,268"	20
"105,000,000"	60
"2.23"	40
"21"	140
"231,232"	20
"27.92"	20
"52"	80
"56,324"	20
"8"	360
"83"	280
"85,969"	20
"absolute"	60
"abuse"	20
"after"	260
"appendix"	140
"area"	700
"argument"	20
"arteries"	340
"as-is"	20
"basic"	20
"began"	40
"ben"	60
"better"	400
"blame"	20
"brazil"	20
"by-products"	20
"called"	80
"centered"	20
"centers"	40
"cheaper"	60
"col"	60
"commission"	700
"conception"	20
"consultation"	20
"cost"	1440
"cross"	240
"crossing._--chartiers"	20
"delays"	60
"deliberately"	20
"directions"	60
"divided"	60
"dwellings"	20
"etc"	180
"evident"	80
"expenditure"	60
"extensively"	20
"feels"	20
"furnishes"	20
"g"	20
"gathered"	40
"girty"	20
"grant"	760
"gregory"	20
"hampton"	20
"hard"	40
"harmless"	20
"hitherto"	20
"hypertext"	20
"imply"	20
"imposes"	20
"indefinitely"	40
"indexing"	40
"indicate"	120
"internal"	20
"irreconcilable"	20
"launches"	20
"livable"	20
"longer"	180
"magnitude"	40
"managed"	40
"minersville"	20
"mischief"	20
"monongahela"	720
"options"	40
"outweighed"	20
"parking"	40
"piece"	40
"planning"	520
"plants"	140
"precedent"	20
"presents"	80
"prevention"	20
"proceedings"	20
"proportions"	20
"punitive"	20
"question"	420
"ranging"	20
"reached"	380
"reasons"	160
"rebuilt.[13"	20
"regarding"	20
"rounding"	100
"schenley"	160
"scows"	20
"settled"	60
"shared"	20
"significance"	20
"sometimes"	180
"somewhere"	20
"sparsely"	20
"stages"	200
"stalling"	20
"steamboats"	20
"street._--on"	20
"sufficiently"	20
"swimming-pool"	20
"sycamore"	120
"tolerably"	20
"trademark\/copyright"	20
"travel"	520
"undertook"	20
"upon"	1820
"warranties"	60
"weller"	20
"your"	260
"1-4"	20
"105"	40
"13,000"	20
"1390"	20
"15th"	20
"1874"	20
"198"	20
"29,102"	20
"3,000"	20
"40]total"	20
"430,980"	20
"44,661"	20
"5"	620
"5,147"	20
"8,519"	20
"80"	560
"accurate"	260
"advice"	20
"advisable"	60
"affidavit"	20
"alexander"	80
"allerton"	20
"amply"	20
"approaches"	380
"apt"	180
"are"	5800
"around"	280
"assistant"	140
"boundary"	200
"breadth"	20
"bringing"	20
"brushton"	40
"busy"	140
"conditions"	700
"conferences"	40
"connection._--improved"	20
"continuous"	100
"coupled"	40
"courtesy--has"	20
"cross-connection"	20
"d"	120
"date"	180
"deserves"	20
"desired"	140
"dickson"	20
"direct"	660
"displayed"	20
"donate"	60
"drains"	20
"en"	20
"enormously"	20
"errors"	80
"extensions"	120
"file"	120
"functions"	80
"games"	40
"george"	40
"grounds"	120
"hauling"	40
"hays"	20
"heights._--disregarding"	20
"hidden"	20
"holding"	20
"hundreds"	60
"impair"	20
"impression"	20
"improvement._--from"	20
"inefficient"	20
"inserted"	20
"international"	20
"kenmawr"	40
"likewise"	20
"linking"	20
"lowry"	20
"mckeesport"	60
"mission"	80
"monthly"	20
"mounting"	20
"much-desired"	20
"much-needed"	60
"noble"	40
"numerous"	80
"officers"	40
"owner's"	20
"pace"	40
"pedestrians,[42"	20
"period"	200
"piercing"	20
"playground.[14"	20
"pockets"	40
"posted"	80
"problem"	600
"professor"	20
"promenades"	40
"properties"	140
"put"	220
"re-plotted"	20
"red"	20
"reinforced"	20
"remains"	100
"removal"	20
"rented"	20
"riverbanks"	20
"row"	60
"sheet"	60
"start"	220
"state"	160
"subjoined"	20
"therefor"	20
"thereof--is"	20
"throngs"	20
"transmission"	40
"two"	1640
"unloading"	60
"vines"	20
"whatsoever"	40
"whereas"	60
"withheld"	20
"1,248"	20
"1,281,946"	20
"102"	20
"123-165"	20
"133"	60
"141-145"	20
"1871"	40
"1909"	320
"195"	20
"2"	840
"25,680"	20
"338"	20
"6,636"	20
"958"	20
"a"	21300
"adaptation"	40
"atlantic"	40
"avenue--center"	120
"beatty"	40
"bolder"	40
"borders"	40
"boulevard._--from"	40
"cargo"	60
"carrying"	200
"changed"	60
"columbia"	20
"coming"	100
"dances"	20
"descends"	40
"dignified"	60
"diminish"	40
"english"	80
"entity"	60
"equity"	20
"erected"	140
"exposing"	20
"extension._--from"	40
"feasible"	80
"foremost"	20
"forest"	20
"formed"	80
"franchises"	20
"frequent"	80
"front"	700
"fully"	160
"haphazard"	20
"hear"	20
"hydrograph"	20
"impracticable"	140
"inferior"	20
"ingram"	20
"jointly"	20
"kaiser"	20
"kiehnel"	40
"leetsdale"	20
"libraries"	40
"locally"	40
"location"	840
"nearly"	360
"neighboring"	60
"nothing"	160
"objection"	60
"orchid"	40
"paid"	180
"passageway"	20
"payment"	20
"playground._--in"	20
"population"	180
"posts"	20
"practically"	580
"president"	20
"progress"	40
"region"	220
"regulating"	20
"relocated"	20
"requested"	20
"residents"	80
"selected"	20
"seventh"	400
"shallow"	40
"should"	3920
"skimped"	20
"slipping"	20
"slopes"	160
"spans"	100
"stood"	20
"store"	20
"straight"	120
"subway"	20
"supporting"	20
"surveys--or"	20
"theoretically"	20
"things"	160
"though"	300
"towards"	20
"turned"	60
"twenty-five"	40
"unable"	20
"unnecessary"	100
"uphill"	40
"wagon"	100
"widest"	60
"women"	60
"worth"	60
"york"	400
"1.f.6"	20
"161"	40
"2,179"	20
"20,000,000"	40
"337.5"	20
"38"	100
"380,243"	20
"500,000"	40
"69"	260
"955"	20
"absorbing"	20
"acquire"	40
"archways"	20
"assuming"	80
"attributes"	20
"blocks"	100
"borne"	120
"box"	20
"brook"	20
"can"	2500
"citizen"	20
"commercialism"	20
"comparatively"	200
"contemplates"	20
"corps"	60
"definite"	100
"delivering"	20
"departure"	20
"discontinue"	20
"distribution--accessibility"	20
"dooryards"	60
"economic"	80
"effort"	100
"exceeding"	20
"excluded"	20
"farmers"	220
"fraction"	20
"gave"	20
"handle"	20
"here"	480
"imagined"	20
"inaccurate"	40
"increasingly"	20
"industry"	20
"injure"	40
"intact"	20
"internet"	40
"irs"	20
"knox"	20
"lake"	120
"leave"	160
"margin"	20
"meet"	300
"meissen"	20
"merchandise"	20
"nice"	40
"nonproprietary"	20
"o'hara"	60
"obstacle"	80
"obviously"	60
"ordain"	20
"others"	240
"park._--a"	20
"past"	120
"peace"	20
"penalty"	20
"periods"	60
"personal"	40
"pleasant"	100
"poetically"	20
"political"	20
"preserve"	40
"public"	1580
"rapid"	40
"represents"	20
"reverse"	20
"rising"	140
"sawmill"	400
"settlement"	100
"sharon"	20
"sheets"	180
"spanned"	60
"states"	840
"stream"	120
"substantially"	200
"summary"	20
"surpass"	20
"three"	440
"transshipment"	20
"trees"	180
"true"	120
"understand"	20
"unlink"	20
"verona"	20
"washington"	900
"weighed"	20
"winter"	20
"1.f.3"	100
"10.29[22"	20
"102,201,375"	20
"113-117"	20
"128-132"	20
"13.3"	20
"133-165"	60
"23-nov"	20
"311,090|\u258e"	20
"35"	140
"38.6"	20
"44,233,500"	20
"66"	240
"738,650"	20
"9,475"	20
"abide"	20
"actually"	160
"affair"	40
"another"	340
"asked"	40
"bearing"	120
"bellevue"	40
"bride"	20
"bridges._--the"	60
"card"	20
"commodities"	40
"confirmed"	20
"contours"	20
"copies"	160
"corrections"	40
"curtailment"	20
"daily"	80
"difference"	100
"donation"	20
"eastward"	400
"effectively"	60
"eighth"	320
"elliott"	20
"employees"	40
"empty"	60
"exercised"	80
"fact"	420
"financial"	120
"flood-protection"	20
"folded"	20
"form"	460
"frankfort"	20
"franklin"	20
"frick"	40
"fulfil"	20
"gearing"	20
"going"	60
"governed"	20
"grooved"	20
"growing"	80
"hillside._--the"	20
"holy"	20
"house"	260
"improvement"	2040
"improvement._--bridge"	20
"influence"	80
"interested"	40
"interests"	480
"irregular"	100
"iv"	160
"judged"	20
"leipzig"	20
"liable"	40
"library"	80
"loads"	60
"marked"	120
"narrow"	460
"nile"	20
"none"	60
"offers"	140
"opinions"	20
"opposite"	240
"overlooked"	20
"pertaining"	40
"possibly"	60
"power"	180
"purely"	20
"quarters"	40
"rail"	160
"ross"	160
"salt"	20
"scattered"	80
"seldom"	60
"sending"	20
"shaded"	60
"shelving"	20
"shifted"	40
"short-circuited"	20
"slight"	100
"slope"	120
"slowly"	80
"specialized"	20
"stoops"	20
"strawberry"	40
"street._--east"	20
"study"	280
"subdivision"	20
"submitting"	40
"suggest"	20
"suggesting"	20
"taxpayers"	20
"tendencies"	20
"thorough"	20
"thoroughfares--the"	20
"traffic_.--to"	20
"valleys"	260
"vehicles--1.75"	20
"waters"	20
"widen"	280
"with"	7920
"www.gutenberg.org\/license"	20
"1,580"	20
"119"	120
"126.2"	20
"15-foot"	120
"218,000"	40
"24,330,000"	20
"32"	120
"57,269"	20
"63"	160
"88-91"	40
"94"	60
"abnormally"	40
"accepted"	80
"across"	420
"add"	80
"admirable"	20
"agree"	200
"alley"	220
"annoying"	20
"anyway"	20
"apiece"	20
"appliances"	20
"aspinwall"	260
"back-pressure"	20
"backed"	20
"balancing"	20
"beltzhoover"	80
"best"	800
"bill"	100
"brownsville"	300
"but"	3120
"caughey"	20
"characteristic"	100
"chestnut"	180
"cities.[9"	20
"co\u00f6rdinates"	20
"complying"	60
"conduits"	20
"connecting"	320
"consists"	80
"contemplate"	20
"cramping"	20
"curbs"	80
"dealers"	100
"depths"	20
"detriment"	20
"directly"	380
"downward"	20
"earlier"	60
"earliest"	40
"encourage"	20
"exists"	100
"feel"	20
"filing"	20
"follows"	260
"frederick"	240
"freedom"	20
"furnished"	120
"further"	480
"heavily"	20
"heights"	480
"http:\/\/www.pgdp.net"	40
"imposed"	40
"improve"	140
"improvement._--miller"	20
"inaccessibility"	20
"increasing"	140
"indemnity"	20
"intending"	20
"iron"	40
"is"	16260
"itself"	260
"lag"	20
"ledges"	40
"load--19"	20
"martha"	20
"meadow"	180
"mobiles"	20
"moored"	20
"mount"	120
"muriel"	20
"needful"	40
"negley"	180
"noblestown"	40
"notifies"	20
"olmsted's"	20
"own"	220
"packets"	20
"pending"	20
"precise"	100
"premium"	20
"promptly"	60
"purchaser"	20
"reaching"	240
"realm"	20
"regulation"	20
"relocation"	40
"revenue-producing"	20
"reward"	20
"sewickley"	20
"simplify"	20
"sole"	20
"south"	3000
"spaces"	40
"spent"	60
"stamped"	20
"stockton"	20
"street.[15"	20
"suburban"	260
"suited"	60
"survey"	160
"top"	240
"torn"	20
"types"	220
"unified"	60
"unreasonable"	80
"up-to-date"	60
"ventilating"	20
"volunteers"	120
"water-born"	20
"which"	4260
"wholesale"	140
"1.d"	20
"116"	40
"18,430"	20
"24-oct"	40
"4,534"	20
"5.88"	20
"500"	20
"60"	460
"ability"	80
"accelerated"	20
"accompany"	40
"adapted"	160
"affect"	120
"anticipate"	20
"architectural"	40
"assembly"	20
"automatic"	20
"benefited"	80
"ceases"	20
"celebrated"	20
"colleague"	20
"collection"	120
"comfortable"	40
"complication"	40
"conclusive"	20
"conducted"	60
"depend"	60
"descriptions"	40
"desire"	60
"disclaimer"	60
"distance--over"	20
"dotted"	20
"drive,[27"	20
"economically"	100
"efforts"	80
"embraces"	20
"encouraging"	20
"engineer"	60
"enjoy"	100
"enjoyment"	120
"evidence"	20
"expense"	300
"experiences"	60
"generally"	260
"gravel"	120
"hillside._--another"	20
"hollows"	20
"ice"	40
"important"	1440
"increase"	540
"indicative"	20
"indisputable"	20
"isabella"	20
"justifies"	20
"left"	220
"lien"	40
"looks"	40
"machinery"	20
"mistaken"	20
"moving"	60
"network"	20
"northward"	60
"oct"	60
"or"	6620
"outline"	60
"overcrowding"	20
"overdoing"	20
"overlook"	40
"owing"	180
"perhaps"	180
"person"	80
"portal"	20
"pounds"	20
"precision"	20
"priceless"	20
"quays"	80
"range"	20
"readable"	40
"recently"	40
"reducing"	80
"referring"	40
"replaced"	40
"rural"	140
"sanitary"	40
"search"	20
"series"	60
"shaler"	60
"solicit"	40
"splits"	20
"statistics"	60
"streams"	60
"strips"	40
"successively"	20
"system.[19"	20
"take"	300
"tardy"	20
"tax"	200
"terminal"	80
"thirty-third"	200
"thoroughfares._--going"	20
"tracks"	1180
"triangular"	20
"triangulation"	120
"two-line"	20
"unattractive"	40
"unprotected"	20
"ut"	20
"wallace"	20
"water-borne"	140
"we"	460
"wilmot"	40
"youngsters"	20
"1.a"	20
"105.3"	20
"113"	40
"1200"	20
"123,579"	20
"144"	20
"175"	20
"283,041"	20
"2a[42"	20
"3.7"	20
"30,073"	20
"42,827"	20
"44-46"	20
"4877"	20
"75-77"	20
"9,709"	20
"able"	180
"abolished"	20
"absolutely"	60
"acquirement"	20
"adequately"	20
"adjustment"	20
"anachronistic"	20
"appropriate"	60
"artificial"	20
"authorized"	100
"avenue--although"	20
"banksville"	40
"barriers"	20
"both"	840
"build"	60
"builds"	20
"butler"	500
"change"	380
"circulation"	40
"clearance"	440
"closeness"	20
"closing"	120
"collected"	20
"commercial"	580
"composed"	60
"connection._--starting"	40
"considerable"	480
"create"	20
"crowding"	40
"culminating"	20
"current"	180
"decided"	120
"design"	420
"direction"	160
"dropping"	40
"easy"	620
"edge"	100
"elevation"	420
"energy"	100
"euclaire"	20
"ever"	60
"expended"	60
"extends"	20
"fairbanks"	40
"falling"	60
"filling"	280
"fit"	180
"floated"	20
"fundamental"	60
"general"	1420
"greensburg"	220
"habitually"	20
"half-block"	20
"idea"	60
"indirectly"	40
"inviting"	20
"keeps"	20
"king"	20
"latter"	640
"lowered"	100
"lyons--a"	20
"markup"	40
"merchants"	40
"municipal"	120
"new"	2960
"newsletter"	20
"one"	2380
"one-third"	80
"people"	640
"pinched"	20
"prejudicial"	20
"process,[10"	20
"prohibitive"	40
"proofread"	20
"protects"	20
"recommended"	400
"reduces"	20
"resources"	40
"results"	220
"road"	1820
"rocks"	140
"roughly"	100
"shorter"	80
"smaller"	40
"so-called"	20
"street,[21"	20
"struggles"	20
"suggestion"	100
"suggestions"	40
"surrendered"	20
"surrounded"	60
"three-horse"	20
"transfer"	60
"unchanged"	40
"uplands"	60
"valid"	20
"west"	1900
"while"	420
"will"	2840
"words"	20
"138,114"	40
"145-149"	20
"18"	240
"24,408"	20
"3.4"	20
"49"	100
"6800"	20
"81,424"	20
"816,333|\u2588"	20
"9,706"	20
"abandon"	20
"abutters--call"	20
"accept"	20
"accessible"	180
"accomplishing"	20
"adoption"	80
"all-round"	20
"appearance"	160
"apply"	40
"ascertain"	20
"attaching"	20
"author"	20
"basketball"	20
"big"	60
"bigelow"	20
"boston"	80
"character"	320
"clearly"	120
"compensated"	40
"conforming"	100
"connection"	2520
"considerations"	100
"considered"	380
"contemplated"	60
"contract"	20
"contributions"	40
"court"	120
"day"	200
"deletions"	20
"distributing"	220
"dump"	40
"expansive"	20
"expeditious"	20
"expressed"	40
"expressing"	20
"factors"	60
"fences"	20
"fifteen"	60
"freeman"	20
"frosty"	20
"german"	60
"groups"	20
"jail--masterpieces"	20
"janssen"	40
"kind"	60
"leaving"	180
"licensed"	20
"link"	160
"mail"	40
"mainly"	60
"net"	80
"notice"	80
"obtained"	260
"occupation"	40
"original"	140
"out"	1240
"packages"	20
"painful"	20
"parallels"	20
"peculiarly"	100
"principal"	280
"promoters"	20
"reference"	200
"regraded"	60
"reliability"	20
"resident"	20
"retarded"	20
"river-front"	20
"river.[44"	20
"road._--just"	20
"rob"	20
"satisfied"	20
"secure"	260
"six-line"	20
"snowden"	60
"snowy"	20
"specialization"	20
"stated"	60
"subjects"	40
"such"	2620
"sudden"	40
"supposed"	60
"tells"	20
"terminals"	20
"thereof"	160
"thoroughfare._--north"	20
"three-span"	40
"tie"	20
"undergo"	20
"unless"	180
"unsolicited"	20
"urgent"	140
"valley.[29"	20
"value"	1140
"ventilation"	20
"warning"	20
"westerly"	80
"whatever"	80
"willing"	40
"world-wide"	20
"written"	60
"1.e.9"	60
"10.4"	20
"14,732,130|151,740,939|195,937,329|269,597,979|343,258,629"	20
"15"	240
"4.98"	20
"46"	60
"5.6"	20
"6,300"	40
"6.5%[34"	20
"622"	20
"7,831|forty-third"	20
"77"	320
"901"	20
"absence"	40
"accommodated"	40
"acquiring"	60
"among"	160
"anything"	100
"appreciable"	60
"arrears"	20
"arrive"	20
"assumes"	20
"at"	8420
"avenue--northerly"	80
"axemen"	20
"banks"	280
"bid"	20
"bottoms"	20
"bridge--a"	20
"broad"	160
"bronx"	60
"canalized"	20
"case"	480
"cherry"	20
"cleared"	20
"contents"	40
"convenient"	240
"copied"	40
"correcting"	20
"counterbalancing"	20
"countries"	40
"deciding"	20
"delaware"	40
"details"	120
"dimensions--eighty-foot"	20
"disintegrating"	20
"dravosburg"	220
"dumping-grounds"	20
"easily"	380
"economy"	120
"edinburgh--an"	20
"eliminating"	80
"elsewhere"	60
"embodying"	20
"encouragement"	20
"exceptions"	40
"explanation"	40
"face"	60
"factories"	60
"first-rate"	60
"fitness"	20
"frankstown"	280
"freer"	20
"gain"	60
"good"	700
"gutenberg-tm"	1120
"hilly"	60
"his"	260
"historical"	20
"idlewood"	20
"improving"	100
"industrial"	200
"ingenious"	20
"ingenuity"	20
"invalidity"	20
"jefferson"	60
"landscapes"	20
"mapping"	20
"marks"	60
"morningside"	60
"municipalities"	20
"north"	1320
"notable"	60
"objections"	40
"obsolete"	20
"order"	300
"outdoor"	40
"overflow"	20
"paragraphs"	80
"ports"	80
"predominance"	20
"pressure"	20
"proofreading"	40
"proximity"	20
"re-alignment._--beechwood"	20
"relating"	40
"replacement"	100
"resulting"	80
"rotating"	20
"said"	80
"sale"	100
"select"	80
"sentence"	40
"serves"	20
"smoking"	20
"speculative"	20
"splitting"	20
"spot"	100
"stationary"	20
"suffice"	20
"tenth"	260
"territorial"	20
"topographically"	80
"towboat"	40
"towboats"	60
"traffic._--_highway"	20
"transportation"	460
"treasurer"	20
"uncertainties"	20
"valley._--there"	20
"warehouses"	140
"wave"	20
"1,991,988"	20
"1.e.6"	20
"10.1"	20
"11,455"	20
"12"	300
"13,240,010|\u2588\u2588\u2588\u2588\u2588\u2588\u2588\u2588"	20
"151-153"	40
"1911"	80
"1a"	40
"21.88"	20
"362,752"	20
"43"	120
"74"	300
"8,165"	20
"839,975"	20
"960"	20
"abutters,--the"	20
"accommodations"	80
"act"	180
"adopt"	20
"allentown"	20
"amount"	840
"angelo"	20
"approximately"	20
"attempts"	20
"bloomfield"	40
"body"	20
"bounds"	20
"bridges._--in"	20
"carriers"	100
"cemetery"	40
"charlene"	40
"chislett"	20
"clubs"	20
"colonel"	180
"complications"	20
"concerned"	160
"conflicting"	20
"consolidation"	20
"cranes"	60
"dashes"	20
"declare"	20
"derivative"	60
"diverting"	20
"down"	1440
"dr"	40
"establishments"	40
"exercise"	60
"experts"	40
"failure"	40
"fairhaven"	160
"finally"	160
"flowing"	20
"formation"	60
"forth"	200
"funds"	20
"furthest"	40
"garfield"	40
"get"	340
"govern"	20
"greenfield"	380
"gutenberg"	620
"hand"	220
"higher"	340
"hindrance"	40
"identify"	20
"impossibility"	20
"impressive"	60
"infrequently"	20
"injurious"	20
"interpose"	20
"kept"	140
"kirkpatrick"	40
"klopfer"	20
"learn"	20
"line"	1680
"maintaining"	60
"markets"	180
"might"	580
"mud-banks"	20
"naturally"	40
"neighborhood"	300
"nobly"	20
"notices"	20
"of"	49480
"official"	160
"operations"	20
"orderly"	20
"ousted"	20
"overhead"	40
"overwhelming"	40
"perform"	40
"piecemeal"	140
"pilot"	20
"readily"	100
"really"	60
"relief"	80
"removing"	20
"research"	40
"residence"	100
"respond"	20
"retail"	240
"rights"	20
"sec"	20
"seclusion"	40
"sell"	20
"separate"	120
"simplest"	40
"sit"	60
"snows"	20
"solution"	180
"solutions._--it"	20
"spaced"	20
"stage"	420
"status"	100
"steam"	80
"street-car"	20
"substantial"	20
"tapping"	20
"tend"	60
"thickly"	80
"thirty"	40
"traffic_.--the"	20
"transportation--specifically"	20
"turn"	120
"vantage"	20
"vary"	20
"vehicles--4"	20
"whenever"	20
"writing"	60
"xi"	40
"xiii"	60
"youghiogheny"	60
"1,006"	20
"1.e.3"	20
"123-128"	20
"189"	20
"217,000"	20
"232"	20
"2710"	20
"360\u00b4"	40
"40"	280
"7.5"	20
"71"	380
"\u2588|2,228,270"	20
"above"	1680
"accumulated"	20
"activities"	120
"allegheny"	1780
"allowing"	80
"an"	3100
"apparently"	120
"avoided"	60
"barge-load"	40
"become"	400
"beings"	40
"check"	80
"chief"	60
"codes"	20
"communities"	60
"complex"	60
"consequently"	60
"consumer"	80
"crooked"	40
"currents"	60
"decked"	20
"decline"	100
"differences"	60
"distribution"	200
"do"	760
"during"	280
"duty"	60
"ebooks"	140
"eight"	20
"eighteen-foot"	20
"embraced"	20
"engaged"	40
"engraved"	20
"explained"	20
"extensions--butler"	20
"fast"	20
"features"	140
"hills"	1100
"him"	40
"hold"	40
"horace"	20
"imperative"	40
"instruments"	40
"jagged"	20
"judgment"	20
"justified"	140
"loaded"	60
"lots"	300
"members"	60
"million"	40
"modern"	300
"mr"	520
"named"	20
"neither"	80
"normally"	120
"northeast"	140
"number"	580
"objective"	20
"off"	160
"open"	360
"ordered"	20
"originator"	20
"paragraph"	320
"park,--from"	20
"permitted"	80
"prices"	120
"purchasers"	40
"quarter"	80
"railways"	20
"rains"	20
"raise"	100
"raising"	260
"rapidly"	20
"reading"	100
"require--6"	20
"residences"	40
"rest"	180
"retained"	20
"rugged"	60
"scene"	60
"service"	100
"sky-line"	20
"smoke"	40
"solely"	60
"st"	420
"standard"	160
"standing"	100
"statutes"	20
"stiff"	40
"strata"	60
"stumbling"	20
"summarize"	20
"surroundings"	140
"tentatively"	20
"text"	40
"themselves"	100
"theory"	40
"thoroughfare._--the"	60
"today"	40
"traversing"	60
"u"	100
"unfruitful"	20
"unsightly"	80
"unsymmetrical"	20
"values"	160
"via"	300
"wares"	20
"widenings"	140
"widths"	140
"11,034"	20
"138-140"	40
"155"	20
"1800"	20
"1862"	20
"1893"	20
"260"	20
"29.1"	20
"3,119"	20
"36,480"	40
"42,559"	20
"967,544"	20
"abolish"	20
"accommodation"	60
"acquisition"	40
"ak"	20
"allow"	60
"attitude"	20
"authorities"	20
"available"	440
"baffling"	20
"braces"	20
"bridge-builders"	20
"business"	1460
"cent"	1380
"chiefly"	120
"cleanliness"	20
"committed"	20
"commonly"	20
"competent"	60
"correction"	20
"crying"	40
"crystallized"	20
"dam"	160
"delay"	180
"demonstrating"	20
"diagonal"	120
"discharge"	20
"distributed"	180
"done"	460
"draftsmen"	20
"drawings"	40
"driveways"	20
"elimination"	100
"etna"	320
"ever-present"	20
"extreme"	160
"far"	680
"feeding"	120
"find"	40
"flanked"	40
"frontage"	420
"hamlet"	20
"harriet"	40
"hearty"	40
"highway"	180
"hill-street"	20
"hoboken"	40
"homes"	20
"illustrate"	20
"images"	40
"improvement._--grant"	20
"incorporated"	20
"injury"	40
"interference"	160
"join"	140
"kinnear"	20
"kittanning"	40
"leads"	100
"low-level"	120
"meant"	20
"method"	220
"michael"	20
"minimum"	300
"modification"	40
"munhall"	40
"natural"	320
"one-way"	40
"parallel"	120
"parkway._--a"	20
"perfectly"	60
"philadelphia"	160
"pp"	20
"prevented"	40
"printed"	80
"probable"	120
"program"	60
"proposition"	80
"prospect"	20
"r"	120
"rankin"	280
"reason"	120
"recede"	20
"redistributing"	40
"reduced"	240
"relation"	160
"reproduction"	20
"rooms"	20
"route"	720
"saved"	80
"sedgwick"	20
"seized"	20
"senate"	40
"shores"	20
"size"	260
"stone"	160
"street|feb"	20
"sylvan"	60
"teams"	60
"teamsters"	40
"temporary"	40
"these"	2060
"thirty-fourth"	40
"towns"	20
"township"	320
"transit"	20
"tremendous"	20
"twice"	20
"ugly"	20
"underground"	40
"undisturbed"	20
"unusual"	60
"void"	40
"walls"	100
"weight"	80
"wharton"	20
"whole"	740
"whomsoever"	20
"world's"	20
"www.gutenberg.org"	100
"you'll"	40
"1,000"	20
"121"	100
"14.2"	20
"147,095"	20
"24\u00b4"	20
"29"	140
"3.74"	20
"400"	20
"47-49"	20
"53,000,000"	20
"667"	20
"73_b"	40
"76,495"	20
"79,247"	20
"adequate"	240
"aim"	20
"anyhow"	20
"appropriation"	80
"attendant"	20
"benches"	100
"bottle"	20
"bridge,--that"	20
"buying"	20
"calculated"	20
"castle"	120
"channel"	220
"checked"	20
"clyde"	60
"contributing"	20
"curtailed"	20
"customers"	20
"damages.[7"	20
"dead"	20
"defective"	60
"defined"	20
"definitely"	40
"detailed"	140
"difficult"	240
"disadvantage"	20
"donors"	20
"erection"	140
"esplen.[18"	20
"essence"	20
"every"	420
"extension._--as"	20
"extract"	20
"facilitated"	40
"fallen"	20
"finley"	40
"former"	240
"geological"	20
"gladly"	20
"good-looking"	20
"greatly"	300
"grouped"	40
"grow"	20
"grows"	40
"henrietta"	20
"herron"	20
"hope--of"	20
"hour's"	20
"import"	40
"improvements"	1140
"inconveniences"	20
"involves"	100
"irwin"	60
"joint"	20
"kelly"	120
"laclaire"	40
"layout"	140
"leading"	300
"less"	1000
"london"	40
"lowlands"	20
"lowry's"	120
"lying"	60
"maintain"	60
"mayor"	140
"meadows"	40
"miller's"	20
"move"	100
"moves"	20
"o"	20
"occupying"	40
"one-sixteenth"	20
"opportunities"	320
"outskirts"	20
"penn"	1040
"phrase"	80
"pike._--from"	20
"pitches"	20
"pittsburgh--allegheny"	20
"prism"	20
"produce"	160
"rarely"	20
"receiving"	20
"remained"	40
"riverside"	180
"saving"	60
"sept"	40
"shade"	60
"sidewalks"	140
"since"	260
"single"	240
"situated"	80
"southerly"	100
"southern"	460
"squaw"	180
"suffer"	20
"survive"	20
"taylor"	40
"tender"	20
"title"	20
"total"	640
"traversed"	20
"treated"	60
"treatment"	240
"underneath"	60
"unite"	20
"updated"	20
"watchful"	20
"water"	1140
"wilkinsburg"	240
"work"	1840
"works"	840
